2024-11-16 18:10:19.940 [info] [main] Log level: Info
2024-11-16 18:10:19.940 [info] [main] Validating found git in: "git"
2024-11-16 18:10:19.940 [info] [main] Using git "2.47.0" from "git"
2024-11-16 18:10:19.940 [info] [Model][doInitialScan] Initial repository scan started
2024-11-16 18:10:19.940 [info] > git rev-parse --show-toplevel [11ms]
2024-11-16 18:10:19.940 [info] fatal: not a git repository (or any of the parent directories): .git
2024-11-16 18:10:19.940 [info] > git rev-parse --show-toplevel [7ms]
2024-11-16 18:10:19.940 [info] fatal: not a git repository (or any of the parent directories): .git
2024-11-16 18:10:19.998 [info] > git rev-parse --show-toplevel [2ms]
2024-11-16 18:10:19.999 [info] fatal: not a git repository (or any of the parent directories): .git
2024-11-16 18:10:20.011 [info] > git rev-parse --show-toplevel [2ms]
2024-11-16 18:10:20.011 [info] fatal: not a git repository (or any of the parent directories): .git
2024-11-16 18:10:20.025 [info] > git rev-parse --show-toplevel [2ms]
2024-11-16 18:10:20.025 [info] fatal: not a git repository (or any of the parent directories): .git
2024-11-16 18:10:20.037 [info] > git rev-parse --show-toplevel [2ms]
2024-11-16 18:10:20.037 [info] fatal: not a git repository (or any of the parent directories): .git
2024-11-16 18:10:20.051 [info] > git rev-parse --show-toplevel [2ms]
2024-11-16 18:10:20.051 [info] fatal: not a git repository (or any of the parent directories): .git
2024-11-16 18:10:20.065 [info] > git rev-parse --show-toplevel [3ms]
2024-11-16 18:10:20.065 [info] fatal: not a git repository (or any of the parent directories): .git
2024-11-16 18:10:20.078 [info] > git rev-parse --show-toplevel [2ms]
2024-11-16 18:10:20.078 [info] fatal: not a git repository (or any of the parent directories): .git
2024-11-16 18:10:20.093 [info] > git rev-parse --show-toplevel [3ms]
2024-11-16 18:10:20.093 [info] fatal: not a git repository (or any of the parent directories): .git
2024-11-16 18:10:20.105 [info] > git rev-parse --show-toplevel [2ms]
2024-11-16 18:10:20.105 [info] fatal: not a git repository (or any of the parent directories): .git
2024-11-16 18:10:20.117 [info] > git rev-parse --show-toplevel [2ms]
2024-11-16 18:10:20.117 [info] fatal: not a git repository (or any of the parent directories): .git
2024-11-16 18:10:20.130 [info] > git rev-parse --show-toplevel [1ms]
2024-11-16 18:10:20.130 [info] fatal: not a git repository (or any of the parent directories): .git
2024-11-16 18:10:20.142 [info] > git rev-parse --show-toplevel [2ms]
2024-11-16 18:10:20.142 [info] fatal: not a git repository (or any of the parent directories): .git
2024-11-16 18:10:20.153 [info] > git rev-parse --show-toplevel [2ms]
2024-11-16 18:10:20.153 [info] fatal: not a git repository (or any of the parent directories): .git
2024-11-16 18:10:20.154 [info] [Model][doInitialScan] Initial repository scan completed - repositories (0), closed repositories (0), parent repositories (0), unsafe repositories (0)
2024-11-16 18:10:20.712 [info] > git rev-parse --show-toplevel [4ms]
2024-11-16 18:10:20.712 [info] fatal: not a git repository (or any of the parent directories): .git
2024-11-16 18:10:26.071 [info] > git rev-parse --show-toplevel [2ms]
2024-11-16 18:10:26.071 [info] fatal: not a git repository (or any of the parent directories): .git
2024-11-16 18:10:27.974 [info] > git rev-parse --show-toplevel [2ms]
2024-11-16 18:10:27.974 [info] fatal: not a git repository (or any of the parent directories): .git
2024-11-16 18:10:35.427 [info] > git rev-parse --show-toplevel [1ms]
2024-11-16 18:10:35.428 [info] fatal: not a git repository (or any of the parent directories): .git
2024-11-16 18:11:57.873 [info] > git rev-parse --show-toplevel [2ms]
2024-11-16 18:11:57.873 [info] fatal: not a git repository (or any of the parent directories): .git
2024-11-16 18:12:22.097 [info] > git rev-parse --show-toplevel [2ms]
2024-11-16 18:12:22.097 [info] fatal: not a git repository (or any of the parent directories): .git
2024-11-16 18:12:24.179 [info] > git rev-parse --show-toplevel [0ms]
2024-11-16 18:12:24.179 [info] fatal: not a git repository (or any of the parent directories): .git
2024-11-16 18:18:42.805 [info] > git rev-parse --show-toplevel [2ms]
2024-11-16 18:18:42.805 [info] fatal: not a git repository (or any of the parent directories): .git
2024-11-16 18:32:54.323 [info] > git rev-parse --show-toplevel [1ms]
2024-11-16 18:32:54.323 [info] fatal: not a git repository (or any of the parent directories): .git
2024-11-16 18:33:19.173 [info] > git rev-parse --show-toplevel [2ms]
2024-11-16 18:33:19.173 [info] fatal: not a git repository (or any of the parent directories): .git
2024-11-16 18:33:39.920 [info] > git rev-parse --show-toplevel [1ms]
2024-11-16 18:33:39.921 [info] fatal: not a git repository (or any of the parent directories): .git
2024-11-16 18:37:19.753 [info] > git rev-parse --show-toplevel [2ms]
2024-11-16 18:37:19.753 [info] fatal: not a git repository (or any of the parent directories): .git
2024-11-16 18:38:59.587 [info] > git rev-parse --show-toplevel [2ms]
2024-11-16 18:38:59.587 [info] fatal: not a git repository (or any of the parent directories): .git
2024-11-16 18:39:02.144 [info] > git rev-parse --show-toplevel [3ms]
2024-11-16 18:39:02.145 [info] fatal: not a git repository (or any of the parent directories): .git
2024-11-16 18:41:31.589 [info] > git rev-parse --show-toplevel [2ms]
2024-11-16 18:41:31.589 [info] fatal: not a git repository (or any of the parent directories): .git
2024-11-16 18:43:48.192 [info] > git rev-parse --show-toplevel [3ms]
2024-11-16 18:43:48.192 [info] fatal: not a git repository (or any of the parent directories): .git
2024-11-16 18:46:58.909 [info] > git rev-parse --show-toplevel [1ms]
2024-11-16 18:46:58.909 [info] fatal: not a git repository (or any of the parent directories): .git
2024-11-16 18:47:00.319 [info] > git rev-parse --show-toplevel [1ms]
2024-11-16 18:47:00.319 [info] fatal: not a git repository (or any of the parent directories): .git
2024-11-16 18:47:05.032 [info] > git rev-parse --show-toplevel [2ms]
2024-11-16 18:47:05.032 [info] fatal: not a git repository (or any of the parent directories): .git
2024-11-16 18:48:54.184 [info] > git rev-parse --show-toplevel [2ms]
2024-11-16 18:48:54.184 [info] fatal: not a git repository (or any of the parent directories): .git
2024-11-16 18:49:29.408 [info] > git rev-parse --show-toplevel [2ms]
2024-11-16 18:49:29.408 [info] fatal: not a git repository (or any of the parent directories): .git
2024-11-16 18:49:31.669 [info] > git rev-parse --show-toplevel [3ms]
2024-11-16 18:49:31.669 [info] fatal: not a git repository (or any of the parent directories): .git
2024-11-16 18:49:33.402 [info] > git rev-parse --show-toplevel [2ms]
2024-11-16 18:49:33.402 [info] fatal: not a git repository (or any of the parent directories): .git
2024-11-16 18:49:59.401 [info] > git rev-parse --show-toplevel [1ms]
2024-11-16 18:49:59.401 [info] fatal: not a git repository (or any of the parent directories): .git
2024-11-16 18:50:17.718 [info] > git rev-parse --show-toplevel [1ms]
2024-11-16 18:50:17.718 [info] fatal: not a git repository (or any of the parent directories): .git
2024-11-16 18:50:40.446 [info] > git rev-parse --show-toplevel [1ms]
2024-11-16 18:50:40.446 [info] fatal: not a git repository (or any of the parent directories): .git
2024-11-16 18:50:42.183 [info] > git rev-parse --show-toplevel [2ms]
2024-11-16 18:50:42.184 [info] fatal: not a git repository (or any of the parent directories): .git
2024-11-16 18:51:06.246 [info] > git rev-parse --show-toplevel [3ms]
2024-11-16 18:51:06.246 [info] fatal: not a git repository (or any of the parent directories): .git
2024-11-16 18:51:18.840 [info] > git rev-parse --show-toplevel [1ms]
2024-11-16 18:51:18.840 [info] fatal: not a git repository (or any of the parent directories): .git
2024-11-16 18:51:24.135 [info] > git rev-parse --show-toplevel [2ms]
2024-11-16 18:51:24.135 [info] fatal: not a git repository (or any of the parent directories): .git
2024-11-16 18:51:30.840 [info] > git rev-parse --show-toplevel [2ms]
2024-11-16 18:51:30.840 [info] fatal: not a git repository (or any of the parent directories): .git
2024-11-16 18:51:31.746 [info] > git rev-parse --show-toplevel [2ms]
2024-11-16 18:51:31.746 [info] fatal: not a git repository (or any of the parent directories): .git
2024-11-16 18:51:33.439 [info] > git rev-parse --show-toplevel [3ms]
2024-11-16 18:51:33.439 [info] fatal: not a git repository (or any of the parent directories): .git
2024-11-16 18:51:38.642 [info] > git rev-parse --show-toplevel [2ms]
2024-11-16 18:51:38.642 [info] fatal: not a git repository (or any of the parent directories): .git
2024-11-16 18:51:39.019 [info] > git rev-parse --show-toplevel [2ms]
2024-11-16 18:51:39.019 [info] fatal: not a git repository (or any of the parent directories): .git
2024-11-16 18:51:41.253 [info] > git rev-parse --show-toplevel [2ms]
2024-11-16 18:51:41.253 [info] fatal: not a git repository (or any of the parent directories): .git
2024-11-16 18:52:07.256 [info] > git rev-parse --show-toplevel [3ms]
2024-11-16 18:52:07.256 [info] fatal: not a git repository (or any of the parent directories): .git
2024-11-16 18:52:09.225 [info] > git rev-parse --show-toplevel [2ms]
2024-11-16 18:52:09.225 [info] fatal: not a git repository (or any of the parent directories): .git
2024-11-16 18:52:26.825 [info] > git rev-parse --show-toplevel [2ms]
2024-11-16 18:52:26.825 [info] fatal: not a git repository (or any of the parent directories): .git
2024-11-16 18:52:27.916 [info] > git rev-parse --show-toplevel [2ms]
2024-11-16 18:52:27.916 [info] fatal: not a git repository (or any of the parent directories): .git
2024-11-16 18:52:28.606 [info] > git rev-parse --show-toplevel [1ms]
2024-11-16 18:52:28.606 [info] fatal: not a git repository (or any of the parent directories): .git
2024-11-16 18:52:57.301 [info] > git rev-parse --show-toplevel [2ms]
2024-11-16 18:52:57.301 [info] fatal: not a git repository (or any of the parent directories): .git
2024-11-16 18:53:12.558 [info] > git rev-parse --show-toplevel [1ms]
2024-11-16 18:53:12.558 [info] fatal: not a git repository (or any of the parent directories): .git
2024-11-16 18:54:09.077 [info] > git rev-parse --show-toplevel [2ms]
2024-11-16 18:54:09.077 [info] fatal: not a git repository (or any of the parent directories): .git
2024-11-16 18:54:09.481 [info] > git rev-parse --show-toplevel [2ms]
2024-11-16 18:54:09.481 [info] fatal: not a git repository (or any of the parent directories): .git
2024-11-16 18:54:10.672 [info] > git rev-parse --show-toplevel [2ms]
2024-11-16 18:54:10.672 [info] fatal: not a git repository (or any of the parent directories): .git
2024-11-16 18:54:11.326 [info] > git rev-parse --show-toplevel [3ms]
2024-11-16 18:54:11.326 [info] fatal: not a git repository (or any of the parent directories): .git
2024-11-16 18:55:54.228 [info] > git rev-parse --show-toplevel [2ms]
2024-11-16 18:55:54.228 [info] fatal: not a git repository (or any of the parent directories): .git
