2024-11-16 21:36:21.210 [info] [main] Log level: Info
2024-11-16 21:36:21.210 [info] [main] Validating found git in: "git"
2024-11-16 21:36:21.210 [info] [main] Using git "2.47.0" from "git"
2024-11-16 21:36:21.210 [info] [Model][doInitialScan] Initial repository scan started
2024-11-16 21:36:21.210 [info] > git rev-parse --show-toplevel [8ms]
2024-11-16 21:36:21.210 [info] fatal: not a git repository (or any of the parent directories): .git
2024-11-16 21:36:21.210 [info] > git rev-parse --show-toplevel [37ms]
2024-11-16 21:36:21.210 [info] fatal: not a git repository (or any of the parent directories): .git
2024-11-16 21:36:21.242 [info] > git rev-parse --show-toplevel [4ms]
2024-11-16 21:36:21.242 [info] fatal: not a git repository (or any of the parent directories): .git
2024-11-16 21:36:21.258 [info] > git rev-parse --show-toplevel [1ms]
2024-11-16 21:36:21.258 [info] fatal: not a git repository (or any of the parent directories): .git
2024-11-16 21:36:21.267 [info] > git rev-parse --show-toplevel [1ms]
2024-11-16 21:36:21.267 [info] fatal: not a git repository (or any of the parent directories): .git
2024-11-16 21:36:21.276 [info] > git rev-parse --show-toplevel [2ms]
2024-11-16 21:36:21.276 [info] fatal: not a git repository (or any of the parent directories): .git
2024-11-16 21:36:21.290 [info] > git rev-parse --show-toplevel [2ms]
2024-11-16 21:36:21.291 [info] fatal: not a git repository (or any of the parent directories): .git
2024-11-16 21:36:21.304 [info] > git rev-parse --show-toplevel [2ms]
2024-11-16 21:36:21.305 [info] fatal: not a git repository (or any of the parent directories): .git
2024-11-16 21:36:21.319 [info] > git rev-parse --show-toplevel [2ms]
2024-11-16 21:36:21.319 [info] fatal: not a git repository (or any of the parent directories): .git
2024-11-16 21:36:21.335 [info] > git rev-parse --show-toplevel [2ms]
2024-11-16 21:36:21.336 [info] fatal: not a git repository (or any of the parent directories): .git
2024-11-16 21:36:21.360 [info] > git rev-parse --show-toplevel [14ms]
2024-11-16 21:36:21.360 [info] fatal: not a git repository (or any of the parent directories): .git
2024-11-16 21:36:21.374 [info] > git rev-parse --show-toplevel [2ms]
2024-11-16 21:36:21.374 [info] fatal: not a git repository (or any of the parent directories): .git
2024-11-16 21:36:21.387 [info] > git rev-parse --show-toplevel [2ms]
2024-11-16 21:36:21.387 [info] fatal: not a git repository (or any of the parent directories): .git
2024-11-16 21:36:21.400 [info] > git rev-parse --show-toplevel [2ms]
2024-11-16 21:36:21.400 [info] fatal: not a git repository (or any of the parent directories): .git
2024-11-16 21:36:21.414 [info] > git rev-parse --show-toplevel [2ms]
2024-11-16 21:36:21.414 [info] fatal: not a git repository (or any of the parent directories): .git
2024-11-16 21:36:21.428 [info] > git rev-parse --show-toplevel [2ms]
2024-11-16 21:36:21.428 [info] fatal: not a git repository (or any of the parent directories): .git
2024-11-16 21:36:21.448 [info] > git rev-parse --show-toplevel [5ms]
2024-11-16 21:36:21.448 [info] fatal: not a git repository (or any of the parent directories): .git
2024-11-16 21:36:21.448 [info] [Model][doInitialScan] Initial repository scan completed - repositories (0), closed repositories (0), parent repositories (0), unsafe repositories (0)
2024-11-16 21:36:21.651 [info] > git rev-parse --show-toplevel [0ms]
2024-11-16 21:36:21.652 [info] fatal: not a git repository (or any of the parent directories): .git
2024-11-16 21:47:14.139 [info] > git rev-parse --show-toplevel [4ms]
2024-11-16 21:47:14.139 [info] fatal: not a git repository (or any of the parent directories): .git
2024-11-16 21:49:14.062 [info] > git rev-parse --show-toplevel [1ms]
2024-11-16 21:49:14.063 [info] fatal: not a git repository (or any of the parent directories): .git
2024-11-16 21:49:16.421 [info] > git rev-parse --show-toplevel [2ms]
2024-11-16 21:49:16.421 [info] fatal: not a git repository (or any of the parent directories): .git
2024-11-16 21:49:17.449 [info] > git rev-parse --show-toplevel [3ms]
2024-11-16 21:49:17.449 [info] fatal: not a git repository (or any of the parent directories): .git
2024-11-16 21:50:00.300 [info] > git rev-parse --show-toplevel [1ms]
2024-11-16 21:50:00.300 [info] fatal: not a git repository (or any of the parent directories): .git
2024-11-16 21:50:16.466 [info] > git rev-parse --show-toplevel [3ms]
2024-11-16 21:50:16.466 [info] fatal: not a git repository (or any of the parent directories): .git
2024-11-16 21:50:17.103 [info] > git rev-parse --show-toplevel [2ms]
2024-11-16 21:50:17.103 [info] fatal: not a git repository (or any of the parent directories): .git
2024-11-16 21:50:20.100 [info] > git rev-parse --show-toplevel [1ms]
2024-11-16 21:50:20.100 [info] fatal: not a git repository (or any of the parent directories): .git
2024-11-16 21:50:21.497 [info] > git rev-parse --show-toplevel [2ms]
2024-11-16 21:50:21.497 [info] fatal: not a git repository (or any of the parent directories): .git
2024-11-16 21:50:26.292 [info] > git rev-parse --show-toplevel [1ms]
2024-11-16 21:50:26.292 [info] fatal: not a git repository (or any of the parent directories): .git
2024-11-16 21:53:14.395 [info] > git rev-parse --show-toplevel [1ms]
2024-11-16 21:53:14.395 [info] fatal: not a git repository (or any of the parent directories): .git
2024-11-16 21:53:19.714 [info] > git rev-parse --show-toplevel [1ms]
2024-11-16 21:53:19.714 [info] fatal: not a git repository (or any of the parent directories): .git
2024-11-16 21:54:02.225 [info] > git rev-parse --show-toplevel [2ms]
2024-11-16 21:54:02.225 [info] fatal: not a git repository (or any of the parent directories): .git
2024-11-16 21:54:02.921 [info] > git rev-parse --show-toplevel [2ms]
2024-11-16 21:54:02.921 [info] fatal: not a git repository (or any of the parent directories): .git
2024-11-16 21:54:03.597 [info] > git rev-parse --show-toplevel [2ms]
2024-11-16 21:54:03.597 [info] fatal: not a git repository (or any of the parent directories): .git
2024-11-16 21:54:04.430 [info] > git rev-parse --show-toplevel [2ms]
2024-11-16 21:54:04.430 [info] fatal: not a git repository (or any of the parent directories): .git
2024-11-16 21:54:05.235 [info] > git rev-parse --show-toplevel [1ms]
2024-11-16 21:54:05.235 [info] fatal: not a git repository (or any of the parent directories): .git
