2024-11-16 21:56:41.911 [info] [main] Log level: Info
2024-11-16 21:56:41.911 [info] [main] Validating found git in: "git"
2024-11-16 21:56:41.911 [info] [main] Using git "2.47.0" from "git"
2024-11-16 21:56:41.911 [info] [Model][doInitialScan] Initial repository scan started
2024-11-16 21:56:41.911 [info] > git rev-parse --show-toplevel [56ms]
2024-11-16 21:56:41.911 [info] fatal: not a git repository (or any of the parent directories): .git
2024-11-16 21:56:41.911 [info] > git rev-parse --show-toplevel [2ms]
2024-11-16 21:56:41.911 [info] fatal: not a git repository (or any of the parent directories): .git
2024-11-16 21:56:41.942 [info] > git rev-parse --show-toplevel [17ms]
2024-11-16 21:56:41.943 [info] fatal: not a git repository (or any of the parent directories): .git
2024-11-16 21:56:41.961 [info] > git rev-parse --show-toplevel [3ms]
2024-11-16 21:56:41.961 [info] fatal: not a git repository (or any of the parent directories): .git
2024-11-16 21:56:41.982 [info] > git rev-parse --show-toplevel [10ms]
2024-11-16 21:56:41.982 [info] fatal: not a git repository (or any of the parent directories): .git
2024-11-16 21:56:41.992 [info] > git rev-parse --show-toplevel [1ms]
2024-11-16 21:56:41.992 [info] fatal: not a git repository (or any of the parent directories): .git
2024-11-16 21:56:42.003 [info] > git rev-parse --show-toplevel [2ms]
2024-11-16 21:56:42.003 [info] fatal: not a git repository (or any of the parent directories): .git
2024-11-16 21:56:42.014 [info] > git rev-parse --show-toplevel [4ms]
2024-11-16 21:56:42.014 [info] fatal: not a git repository (or any of the parent directories): .git
2024-11-16 21:56:42.026 [info] > git rev-parse --show-toplevel [4ms]
2024-11-16 21:56:42.026 [info] fatal: not a git repository (or any of the parent directories): .git
2024-11-16 21:56:42.040 [info] > git rev-parse --show-toplevel [2ms]
2024-11-16 21:56:42.040 [info] fatal: not a git repository (or any of the parent directories): .git
2024-11-16 21:56:42.054 [info] > git rev-parse --show-toplevel [4ms]
2024-11-16 21:56:42.055 [info] fatal: not a git repository (or any of the parent directories): .git
2024-11-16 21:56:42.069 [info] > git rev-parse --show-toplevel [4ms]
2024-11-16 21:56:42.069 [info] fatal: not a git repository (or any of the parent directories): .git
2024-11-16 21:56:42.082 [info] > git rev-parse --show-toplevel [2ms]
2024-11-16 21:56:42.082 [info] fatal: not a git repository (or any of the parent directories): .git
2024-11-16 21:56:42.092 [info] > git rev-parse --show-toplevel [1ms]
2024-11-16 21:56:42.092 [info] fatal: not a git repository (or any of the parent directories): .git
2024-11-16 21:56:42.102 [info] > git rev-parse --show-toplevel [1ms]
2024-11-16 21:56:42.102 [info] fatal: not a git repository (or any of the parent directories): .git
2024-11-16 21:56:42.114 [info] > git rev-parse --show-toplevel [1ms]
2024-11-16 21:56:42.115 [info] fatal: not a git repository (or any of the parent directories): .git
2024-11-16 21:56:42.125 [info] > git rev-parse --show-toplevel [2ms]
2024-11-16 21:56:42.125 [info] fatal: not a git repository (or any of the parent directories): .git
2024-11-16 21:56:42.136 [info] > git rev-parse --show-toplevel [2ms]
2024-11-16 21:56:42.136 [info] fatal: not a git repository (or any of the parent directories): .git
2024-11-16 21:56:42.136 [info] [Model][doInitialScan] Initial repository scan completed - repositories (0), closed repositories (0), parent repositories (0), unsafe repositories (0)
2024-11-16 21:56:42.147 [info] > git rev-parse --show-toplevel [4ms]
2024-11-16 21:56:42.147 [info] fatal: not a git repository (or any of the parent directories): .git
2024-11-16 21:56:43.171 [info] > git rev-parse --show-toplevel [3ms]
2024-11-16 21:56:43.171 [info] fatal: not a git repository (or any of the parent directories): .git
2024-11-16 21:57:59.942 [info] > git rev-parse --show-toplevel [2ms]
2024-11-16 21:57:59.942 [info] fatal: not a git repository (or any of the parent directories): .git
2024-11-16 22:03:58.627 [info] > git rev-parse --show-toplevel [1ms]
2024-11-16 22:03:58.627 [info] fatal: not a git repository (or any of the parent directories): .git
2024-11-16 22:04:22.717 [info] > git rev-parse --show-toplevel [2ms]
2024-11-16 22:04:22.717 [info] fatal: not a git repository (or any of the parent directories): .git
2024-11-16 22:04:29.831 [info] > git rev-parse --show-toplevel [2ms]
2024-11-16 22:04:29.831 [info] fatal: not a git repository (or any of the parent directories): .git
2024-11-16 22:04:31.878 [info] > git rev-parse --show-toplevel [2ms]
2024-11-16 22:04:31.878 [info] fatal: not a git repository (or any of the parent directories): .git
2024-11-16 22:05:55.719 [info] > git rev-parse --show-toplevel [2ms]
2024-11-16 22:05:55.719 [info] fatal: not a git repository (or any of the parent directories): .git
2024-11-16 22:05:56.566 [info] > git rev-parse --show-toplevel [5ms]
2024-11-16 22:05:56.566 [info] fatal: not a git repository (or any of the parent directories): .git
2024-11-16 22:05:57.452 [info] > git rev-parse --show-toplevel [2ms]
2024-11-16 22:05:57.452 [info] fatal: not a git repository (or any of the parent directories): .git
2024-11-16 22:32:12.567 [info] > git rev-parse --show-toplevel [2ms]
2024-11-16 22:32:12.567 [info] fatal: not a git repository (or any of the parent directories): .git
