2024-11-17 23:18:59.066 [info] [main] Log level: Info
2024-11-17 23:18:59.067 [info] [main] Validating found git in: "git"
2024-11-17 23:18:59.295 [info] [main] Using git "2.47.0" from "git"
2024-11-17 23:18:59.295 [info] [Model][doInitialScan] Initial repository scan started
2024-11-17 23:18:59.345 [info] > git rev-parse --show-toplevel [21ms]
2024-11-17 23:18:59.348 [info] fatal: not a git repository (or any of the parent directories): .git
2024-11-17 23:18:59.517 [info] > git rev-parse --show-toplevel [145ms]
2024-11-17 23:18:59.517 [info] fatal: not a git repository (or any of the parent directories): .git
2024-11-17 23:18:59.548 [info] > git rev-parse --show-toplevel [2ms]
2024-11-17 23:18:59.548 [info] fatal: not a git repository (or any of the parent directories): .git
2024-11-17 23:18:59.559 [info] > git rev-parse --show-toplevel [1ms]
2024-11-17 23:18:59.559 [info] fatal: not a git repository (or any of the parent directories): .git
2024-11-17 23:18:59.568 [info] > git rev-parse --show-toplevel [0ms]
2024-11-17 23:18:59.568 [info] fatal: not a git repository (or any of the parent directories): .git
2024-11-17 23:18:59.581 [info] > git rev-parse --show-toplevel [3ms]
2024-11-17 23:18:59.581 [info] fatal: not a git repository (or any of the parent directories): .git
2024-11-17 23:18:59.608 [info] > git rev-parse --show-toplevel [2ms]
2024-11-17 23:18:59.608 [info] fatal: not a git repository (or any of the parent directories): .git
2024-11-17 23:18:59.619 [info] > git rev-parse --show-toplevel [2ms]
2024-11-17 23:18:59.619 [info] fatal: not a git repository (or any of the parent directories): .git
2024-11-17 23:18:59.630 [info] > git rev-parse --show-toplevel [3ms]
2024-11-17 23:18:59.630 [info] fatal: not a git repository (or any of the parent directories): .git
2024-11-17 23:18:59.644 [info] > git rev-parse --show-toplevel [3ms]
2024-11-17 23:18:59.644 [info] fatal: not a git repository (or any of the parent directories): .git
2024-11-17 23:18:59.659 [info] > git rev-parse --show-toplevel [3ms]
2024-11-17 23:18:59.660 [info] fatal: not a git repository (or any of the parent directories): .git
2024-11-17 23:18:59.673 [info] > git rev-parse --show-toplevel [2ms]
2024-11-17 23:18:59.673 [info] fatal: not a git repository (or any of the parent directories): .git
2024-11-17 23:18:59.683 [info] > git rev-parse --show-toplevel [3ms]
2024-11-17 23:18:59.683 [info] fatal: not a git repository (or any of the parent directories): .git
2024-11-17 23:18:59.693 [info] > git rev-parse --show-toplevel [0ms]
2024-11-17 23:18:59.693 [info] fatal: not a git repository (or any of the parent directories): .git
2024-11-17 23:18:59.704 [info] > git rev-parse --show-toplevel [0ms]
2024-11-17 23:18:59.704 [info] fatal: not a git repository (or any of the parent directories): .git
2024-11-17 23:18:59.713 [info] > git rev-parse --show-toplevel [2ms]
2024-11-17 23:18:59.713 [info] fatal: not a git repository (or any of the parent directories): .git
2024-11-17 23:18:59.726 [info] > git rev-parse --show-toplevel [0ms]
2024-11-17 23:18:59.726 [info] fatal: not a git repository (or any of the parent directories): .git
2024-11-17 23:18:59.736 [info] > git rev-parse --show-toplevel [2ms]
2024-11-17 23:18:59.736 [info] fatal: not a git repository (or any of the parent directories): .git
2024-11-17 23:18:59.752 [info] > git rev-parse --show-toplevel [3ms]
2024-11-17 23:18:59.752 [info] fatal: not a git repository (or any of the parent directories): .git
2024-11-17 23:18:59.752 [info] [Model][doInitialScan] Initial repository scan completed - repositories (0), closed repositories (0), parent repositories (0), unsafe repositories (0)
