2024-11-17 19:15:52.594 [info] Started local extension host with pid 754.
2024-11-17 19:53:35.412 [info] [perf] Render performance baseline is 39ms
2024-11-17 20:07:26.522 [error] [text file model] handleSaveError(30) - exit - resulted in a save error: Error: Unable to write file '/home/uwu/.config/dunst/dunstrc' (NoPermissions (FileSystemError): Error: EACCES: permission denied, open '/home/uwu/.config/dunst/dunstrc') file:///home/uwu/.config/dunst/dunstrc
2024-11-17 20:07:29.798 [error] [text file model] handleSaveError(30) - exit - resulted in a save error: Error: No polkit authentication agent found. file:///home/uwu/.config/dunst/dunstrc
2024-11-17 20:07:33.251 [error] [text file model] handleSaveError(30) - exit - resulted in a save error: Error: No polkit authentication agent found. file:///home/uwu/.config/dunst/dunstrc
2024-11-17 20:07:40.913 [error] [text file model] handleSaveError(30) - exit - resulted in a save error: Error: Unable to write file '/home/uwu/.config/dunst/dunstrc' (NoPermissions (FileSystemError): Error: EACCES: permission denied, open '/home/uwu/.config/dunst/dunstrc') file:///home/uwu/.config/dunst/dunstrc
2024-11-17 20:07:44.281 [error] [text file model] handleSaveError(30) - exit - resulted in a save error: Error: No polkit authentication agent found. file:///home/uwu/.config/dunst/dunstrc
2024-11-17 20:09:06.628 [error] Unable to read file '/home/uwu/.config/dunst/dunstrc' (Error: File not modified since): Error: Unable to read file '/home/uwu/.config/dunst/dunstrc' (Error: File not modified since)
    at Pnt.F (vscode-file://vscode-app/usr/lib/code/out/vs/workbench/workbench.desktop.main.js:3088:69610)
    at Pnt.D (vscode-file://vscode-app/usr/lib/code/out/vs/workbench/workbench.desktop.main.js:3088:69519)
    at async Gnt.M (vscode-file://vscode-app/usr/lib/code/out/vs/workbench/workbench.desktop.main.js:3089:9119)
    at async Gnt.readStream (vscode-file://vscode-app/usr/lib/code/out/vs/workbench/workbench.desktop.main.js:3089:8894)
    at async Pde.Db (vscode-file://vscode-app/usr/lib/code/out/vs/workbench/workbench.desktop.main.js:1275:11960)
    at async Pde.resolve (vscode-file://vscode-app/usr/lib/code/out/vs/workbench/workbench.desktop.main.js:1275:10435)
    at async vscode-file://vscode-app/usr/lib/code/out/vs/workbench/workbench.desktop.main.js:3089:5479
2024-11-17 20:09:17.282 [error] [text file model] handleSaveError(4) - exit - resulted in a save error: Error: Unable to write file '/home/uwu/.config/dunst/dunstrc' (NoPermissions (FileSystemError): Error: EACCES: permission denied, open '/home/uwu/.config/dunst/dunstrc') file:///home/uwu/.config/dunst/dunstrc
2024-11-17 20:09:18.330 [error] [text file model] handleSaveError(4) - exit - resulted in a save error: Error: No polkit authentication agent found. file:///home/uwu/.config/dunst/dunstrc
2024-11-17 20:09:21.497 [error] [text file model] handleSaveError(4) - exit - resulted in a save error: Error: No polkit authentication agent found. file:///home/uwu/.config/dunst/dunstrc
2024-11-17 20:09:22.170 [error] [text file model] handleSaveError(4) - exit - resulted in a save error: Error: No polkit authentication agent found. file:///home/uwu/.config/dunst/dunstrc
2024-11-17 20:09:22.739 [error] [text file model] handleSaveError(4) - exit - resulted in a save error: Error: No polkit authentication agent found. file:///home/uwu/.config/dunst/dunstrc
2024-11-17 20:09:23.285 [error] [text file model] handleSaveError(4) - exit - resulted in a save error: Error: No polkit authentication agent found. file:///home/uwu/.config/dunst/dunstrc
2024-11-17 20:09:23.847 [error] [text file model] handleSaveError(4) - exit - resulted in a save error: Error: No polkit authentication agent found. file:///home/uwu/.config/dunst/dunstrc
2024-11-17 20:09:24.394 [error] [text file model] handleSaveError(4) - exit - resulted in a save error: Error: No polkit authentication agent found. file:///home/uwu/.config/dunst/dunstrc
2024-11-17 20:09:24.954 [error] [text file model] handleSaveError(4) - exit - resulted in a save error: Error: No polkit authentication agent found. file:///home/uwu/.config/dunst/dunstrc
2024-11-17 20:10:13.197 [error] [text file model] handleSaveError(4) - exit - resulted in a save error: Error: No polkit authentication agent found. file:///home/uwu/.config/dunst/dunstrc
2024-11-17 20:10:15.983 [error] [text file model] handleSaveError(4) - exit - resulted in a save error: Error: Unable to write file '/home/uwu/.config/dunst/dunstrc' (NoPermissions (FileSystemError): Error: EACCES: permission denied, open '/home/uwu/.config/dunst/dunstrc') file:///home/uwu/.config/dunst/dunstrc
2024-11-17 20:10:17.339 [error] [text file model] handleSaveError(4) - exit - resulted in a save error: Error: No polkit authentication agent found. file:///home/uwu/.config/dunst/dunstrc
