2024-11-18 00:21:52.248 [info] [main] Log level: Info
2024-11-18 00:21:52.248 [info] [main] Validating found git in: "git"
2024-11-18 00:21:52.248 [info] [main] Using git "2.47.0" from "git"
2024-11-18 00:21:52.248 [info] [Model][doInitialScan] Initial repository scan started
2024-11-18 00:21:52.248 [info] > git rev-parse --show-toplevel [8ms]
2024-11-18 00:21:52.248 [info] > git rev-parse --git-dir --git-common-dir [4ms]
2024-11-18 00:21:52.248 [info] [Model][openRepository] Opened repository: /home/uwu/.config
2024-11-18 00:21:52.248 [info] > git config --get commit.template [25ms]
2024-11-18 00:21:52.248 [info] [Git][getRemotes] No remotes found in the git config file
2024-11-18 00:21:52.427 [info] > git for-each-ref --format=%(refname)%00%(upstream:short)%00%(objectname)%00%(upstream:track)%00%(upstream:remotename)%00%(upstream:remoteref) refs/heads/main refs/remotes/main [180ms]
2024-11-18 00:21:52.427 [warning] [Git][getBranch] No such branch: main
2024-11-18 00:21:52.543 [info] > git status -z -uall [94ms]
2024-11-18 00:21:52.543 [info] > git for-each-ref --sort -committerdate --format %(refname) %(objectname) %(*objectname) [61ms]
2024-11-18 00:21:52.651 [info] > git for-each-ref --format=%(refname)%00%(upstream:short)%00%(objectname)%00%(upstream:track)%00%(upstream:remotename)%00%(upstream:remoteref) refs/heads/main refs/remotes/main [24ms]
2024-11-18 00:21:52.652 [warning] [Git][getBranch] No such branch: main
2024-11-18 00:21:52.653 [error] [GitHistoryProvider][resolveHEADMergeBase] Failed to resolve merge base for main: Error: No such branch: main.
2024-11-18 00:21:52.880 [info] > git config --get commit.template [235ms]
2024-11-18 00:21:52.948 [info] [Git][getRemotes] No remotes found in the git config file
2024-11-18 00:21:52.951 [info] > git for-each-ref --format=%(refname)%00%(upstream:short)%00%(objectname)%00%(upstream:track)%00%(upstream:remotename)%00%(upstream:remoteref) refs/heads/main refs/remotes/main [3ms]
2024-11-18 00:21:52.952 [warning] [Git][getBranch] No such branch: main
2024-11-18 00:21:52.999 [info] > git status -z -uall [27ms]
2024-11-18 00:21:53.001 [info] > git for-each-ref --sort -committerdate --format %(refname) %(objectname) %(*objectname) [4ms]
2024-11-18 00:21:53.125 [info] > git check-ignore -v -z --stdin [61ms]
2024-11-18 00:21:53.256 [info] > git rev-parse --show-toplevel [132ms]
2024-11-18 00:21:53.324 [info] > git rev-parse --show-toplevel [43ms]
2024-11-18 00:21:53.353 [info] > git rev-parse --show-toplevel [3ms]
2024-11-18 00:21:53.416 [info] > git rev-parse --show-toplevel [44ms]
2024-11-18 00:21:53.450 [info] > git rev-parse --show-toplevel [7ms]
2024-11-18 00:21:53.493 [info] > git rev-parse --show-toplevel [9ms]
2024-11-18 00:21:53.526 [info] > git rev-parse --show-toplevel [5ms]
2024-11-18 00:21:53.561 [info] > git rev-parse --show-toplevel [11ms]
2024-11-18 00:21:53.589 [info] > git rev-parse --show-toplevel [2ms]
2024-11-18 00:21:53.617 [info] > git rev-parse --show-toplevel [1ms]
2024-11-18 00:21:53.658 [info] > git rev-parse --show-toplevel [9ms]
2024-11-18 00:21:53.719 [info] > git rev-parse --show-toplevel [4ms]
2024-11-18 00:21:53.775 [info] > git rev-parse --show-toplevel [12ms]
2024-11-18 00:21:53.804 [info] > git rev-parse --show-toplevel [2ms]
2024-11-18 00:21:53.843 [info] > git rev-parse --show-toplevel [1ms]
2024-11-18 00:21:53.876 [info] > git rev-parse --show-toplevel [4ms]
2024-11-18 00:21:53.901 [info] > git rev-parse --show-toplevel [2ms]
2024-11-18 00:21:53.921 [info] > git rev-parse --show-toplevel [4ms]
2024-11-18 00:21:53.922 [info] [Model][doInitialScan] Initial repository scan completed - repositories (1), closed repositories (0), parent repositories (0), unsafe repositories (0)
2024-11-18 00:21:54.014 [info] > git show --textconv HEAD:Code - OSS/Cookies [76ms]
2024-11-18 00:21:54.014 [info] > git show --textconv :Code - OSS/Cookies [58ms]
2024-11-18 00:21:54.015 [info] > git ls-files --stage -- /home/uwu/.config/Code - OSS/Cookies [6ms]
2024-11-18 00:21:54.030 [info] > git ls-tree -l HEAD -- /home/uwu/.config/Code - OSS/Cookies [46ms]
2024-11-18 00:21:54.030 [info] fatal: Not a valid object name HEAD
2024-11-18 00:21:54.038 [info] > git cat-file -s 365f7f2a1adcf3e0b078ad6ee9e784694c821054 [8ms]
2024-11-18 00:21:54.151 [info] > git ls-files --stage -- /home/uwu/.config/Code - OSS/Cookies [4ms]
2024-11-18 00:21:54.174 [info] > git ls-tree -l HEAD -- /home/uwu/.config/Code - OSS/Cookies [63ms]
2024-11-18 00:21:54.174 [info] fatal: Not a valid object name HEAD
2024-11-18 00:21:54.185 [info] > git cat-file -s 365f7f2a1adcf3e0b078ad6ee9e784694c821054 [9ms]
2024-11-18 00:21:54.296 [info] > git ls-tree -l HEAD -- /home/uwu/.config/Code - OSS/Cookies [38ms]
2024-11-18 00:21:54.296 [info] fatal: Not a valid object name HEAD
2024-11-18 00:21:54.310 [info] > git ls-files --stage -- /home/uwu/.config/Code - OSS/Cookies [15ms]
2024-11-18 00:21:54.340 [info] > git cat-file -s 365f7f2a1adcf3e0b078ad6ee9e784694c821054 [4ms]
2024-11-18 00:21:56.275 [info] > git config --get commit.template [2ms]
2024-11-18 00:21:56.288 [info] [Git][getRemotes] No remotes found in the git config file
2024-11-18 00:21:56.289 [info] > git for-each-ref --format=%(refname)%00%(upstream:short)%00%(objectname)%00%(upstream:track)%00%(upstream:remotename)%00%(upstream:remoteref) refs/heads/main refs/remotes/main [1ms]
2024-11-18 00:21:56.290 [warning] [Git][getBranch] No such branch: main
2024-11-18 00:21:56.340 [info] > git status -z -uall [29ms]
2024-11-18 00:21:56.343 [info] > git for-each-ref --sort -committerdate --format %(refname) %(objectname) %(*objectname) [17ms]
2024-11-18 00:21:57.755 [info] > git show --textconv :i3/config [41ms]
2024-11-18 00:21:57.757 [info] > git ls-files --stage -- /home/uwu/.config/i3/config [5ms]
2024-11-18 00:21:57.788 [info] > git cat-file -s 3d6309a9bdac2e52941659b2dc51fa60c43bfe8f [16ms]
2024-11-18 00:22:01.386 [info] > git config --get commit.template [3ms]
2024-11-18 00:22:01.406 [info] [Git][getRemotes] No remotes found in the git config file
2024-11-18 00:22:01.406 [info] > git for-each-ref --format=%(refname)%00%(upstream:short)%00%(objectname)%00%(upstream:track)%00%(upstream:remotename)%00%(upstream:remoteref) refs/heads/main refs/remotes/main [1ms]
2024-11-18 00:22:01.407 [warning] [Git][getBranch] No such branch: main
2024-11-18 00:22:01.466 [info] > git status -z -uall [40ms]
2024-11-18 00:22:01.475 [info] > git for-each-ref --sort -committerdate --format %(refname) %(objectname) %(*objectname) [12ms]
2024-11-18 00:22:06.522 [info] > git config --get commit.template [3ms]
2024-11-18 00:22:06.524 [info] [Git][getRemotes] No remotes found in the git config file
2024-11-18 00:22:06.541 [info] > git for-each-ref --format=%(refname)%00%(upstream:short)%00%(objectname)%00%(upstream:track)%00%(upstream:remotename)%00%(upstream:remoteref) refs/heads/main refs/remotes/main [2ms]
2024-11-18 00:22:06.541 [warning] [Git][getBranch] No such branch: main
2024-11-18 00:22:06.586 [info] > git status -z -uall [25ms]
2024-11-18 00:22:06.586 [info] > git for-each-ref --sort -committerdate --format %(refname) %(objectname) %(*objectname) [7ms]
2024-11-18 00:22:11.622 [info] [Git][getRemotes] No remotes found in the git config file
2024-11-18 00:22:11.623 [info] > git config --get commit.template [10ms]
2024-11-18 00:22:11.625 [info] > git for-each-ref --format=%(refname)%00%(upstream:short)%00%(objectname)%00%(upstream:track)%00%(upstream:remotename)%00%(upstream:remoteref) refs/heads/main refs/remotes/main [3ms]
2024-11-18 00:22:11.625 [warning] [Git][getBranch] No such branch: main
2024-11-18 00:22:11.652 [info] > git for-each-ref --sort -committerdate --format %(refname) %(objectname) %(*objectname) [5ms]
2024-11-18 00:22:11.655 [info] > git status -z -uall [20ms]
2024-11-18 00:22:16.728 [info] [Git][getRemotes] No remotes found in the git config file
2024-11-18 00:22:16.759 [info] > git config --get commit.template [35ms]
2024-11-18 00:22:16.770 [info] > git for-each-ref --format=%(refname)%00%(upstream:short)%00%(objectname)%00%(upstream:track)%00%(upstream:remotename)%00%(upstream:remoteref) refs/heads/main refs/remotes/main [11ms]
2024-11-18 00:22:16.771 [warning] [Git][getBranch] No such branch: main
2024-11-18 00:22:16.829 [info] > git for-each-ref --sort -committerdate --format %(refname) %(objectname) %(*objectname) [8ms]
2024-11-18 00:22:16.835 [info] > git status -z -uall [31ms]
2024-11-18 00:22:21.892 [info] [Git][getRemotes] No remotes found in the git config file
2024-11-18 00:22:21.893 [info] > git for-each-ref --format=%(refname)%00%(upstream:short)%00%(objectname)%00%(upstream:track)%00%(upstream:remotename)%00%(upstream:remoteref) refs/heads/main refs/remotes/main [2ms]
2024-11-18 00:22:21.894 [warning] [Git][getBranch] No such branch: main
2024-11-18 00:22:21.894 [info] > git config --get commit.template [21ms]
2024-11-18 00:22:21.948 [info] > git for-each-ref --sort -committerdate --format %(refname) %(objectname) %(*objectname) [4ms]
2024-11-18 00:22:21.952 [info] > git status -z -uall [33ms]
2024-11-18 00:22:26.992 [info] > git config --get commit.template [1ms]
2024-11-18 00:22:27.012 [info] [Git][getRemotes] No remotes found in the git config file
2024-11-18 00:22:27.019 [info] > git for-each-ref --format=%(refname)%00%(upstream:short)%00%(objectname)%00%(upstream:track)%00%(upstream:remotename)%00%(upstream:remoteref) refs/heads/main refs/remotes/main [8ms]
2024-11-18 00:22:27.020 [warning] [Git][getBranch] No such branch: main
2024-11-18 00:22:27.066 [info] > git status -z -uall [31ms]
2024-11-18 00:22:27.067 [info] > git for-each-ref --sort -committerdate --format %(refname) %(objectname) %(*objectname) [8ms]
2024-11-18 00:22:32.097 [info] > git config --get commit.template [2ms]
2024-11-18 00:22:32.107 [info] [Git][getRemotes] No remotes found in the git config file
2024-11-18 00:22:32.110 [info] > git for-each-ref --format=%(refname)%00%(upstream:short)%00%(objectname)%00%(upstream:track)%00%(upstream:remotename)%00%(upstream:remoteref) refs/heads/main refs/remotes/main [3ms]
2024-11-18 00:22:32.110 [warning] [Git][getBranch] No such branch: main
2024-11-18 00:22:32.144 [info] > git status -z -uall [21ms]
2024-11-18 00:22:32.148 [info] > git for-each-ref --sort -committerdate --format %(refname) %(objectname) %(*objectname) [5ms]
2024-11-18 00:22:37.187 [info] [Git][getRemotes] No remotes found in the git config file
2024-11-18 00:22:37.188 [info] > git config --get commit.template [13ms]
2024-11-18 00:22:37.189 [info] > git for-each-ref --format=%(refname)%00%(upstream:short)%00%(objectname)%00%(upstream:track)%00%(upstream:remotename)%00%(upstream:remoteref) refs/heads/main refs/remotes/main [3ms]
2024-11-18 00:22:37.189 [warning] [Git][getBranch] No such branch: main
2024-11-18 00:22:37.218 [info] > git status -z -uall [17ms]
2024-11-18 00:22:37.225 [info] > git for-each-ref --sort -committerdate --format %(refname) %(objectname) %(*objectname) [8ms]
2024-11-18 00:22:42.262 [info] [Git][getRemotes] No remotes found in the git config file
2024-11-18 00:22:42.264 [info] > git config --get commit.template [12ms]
2024-11-18 00:22:42.266 [info] > git for-each-ref --format=%(refname)%00%(upstream:short)%00%(objectname)%00%(upstream:track)%00%(upstream:remotename)%00%(upstream:remoteref) refs/heads/main refs/remotes/main [4ms]
2024-11-18 00:22:42.266 [warning] [Git][getBranch] No such branch: main
2024-11-18 00:22:42.297 [info] > git status -z -uall [18ms]
2024-11-18 00:22:42.300 [info] > git for-each-ref --sort -committerdate --format %(refname) %(objectname) %(*objectname) [5ms]
2024-11-18 00:22:47.324 [info] > git config --get commit.template [2ms]
2024-11-18 00:22:47.340 [info] [Git][getRemotes] No remotes found in the git config file
2024-11-18 00:22:47.341 [info] > git for-each-ref --format=%(refname)%00%(upstream:short)%00%(objectname)%00%(upstream:track)%00%(upstream:remotename)%00%(upstream:remoteref) refs/heads/main refs/remotes/main [2ms]
2024-11-18 00:22:47.342 [warning] [Git][getBranch] No such branch: main
2024-11-18 00:22:47.382 [info] > git status -z -uall [25ms]
2024-11-18 00:22:47.382 [info] > git for-each-ref --sort -committerdate --format %(refname) %(objectname) %(*objectname) [10ms]
2024-11-18 00:22:52.426 [info] [Git][getRemotes] No remotes found in the git config file
2024-11-18 00:22:52.428 [info] > git config --get commit.template [11ms]
2024-11-18 00:22:52.431 [info] > git for-each-ref --format=%(refname)%00%(upstream:short)%00%(objectname)%00%(upstream:track)%00%(upstream:remotename)%00%(upstream:remoteref) refs/heads/main refs/remotes/main [4ms]
2024-11-18 00:22:52.431 [warning] [Git][getBranch] No such branch: main
2024-11-18 00:22:52.475 [info] > git for-each-ref --sort -committerdate --format %(refname) %(objectname) %(*objectname) [1ms]
2024-11-18 00:22:52.483 [info] > git status -z -uall [34ms]
2024-11-18 00:22:57.618 [info] [Git][getRemotes] No remotes found in the git config file
2024-11-18 00:22:57.630 [info] > git for-each-ref --format=%(refname)%00%(upstream:short)%00%(objectname)%00%(upstream:track)%00%(upstream:remotename)%00%(upstream:remoteref) refs/heads/main refs/remotes/main [12ms]
2024-11-18 00:22:57.632 [warning] [Git][getBranch] No such branch: main
2024-11-18 00:22:57.636 [info] > git config --get commit.template [37ms]
2024-11-18 00:22:57.698 [info] > git for-each-ref --sort -committerdate --format %(refname) %(objectname) %(*objectname) [18ms]
2024-11-18 00:22:57.783 [info] > git status -z -uall [127ms]
2024-11-18 00:23:02.841 [info] [Git][getRemotes] No remotes found in the git config file
2024-11-18 00:23:02.842 [info] > git config --get commit.template [11ms]
2024-11-18 00:23:02.843 [info] > git for-each-ref --format=%(refname)%00%(upstream:short)%00%(objectname)%00%(upstream:track)%00%(upstream:remotename)%00%(upstream:remoteref) refs/heads/main refs/remotes/main [3ms]
2024-11-18 00:23:02.843 [warning] [Git][getBranch] No such branch: main
2024-11-18 00:23:02.870 [info] > git status -z -uall [15ms]
2024-11-18 00:23:02.874 [info] > git for-each-ref --sort -committerdate --format %(refname) %(objectname) %(*objectname) [7ms]
2024-11-18 00:23:07.947 [info] [Git][getRemotes] No remotes found in the git config file
2024-11-18 00:23:07.950 [info] > git config --get commit.template [36ms]
2024-11-18 00:23:07.952 [info] > git for-each-ref --format=%(refname)%00%(upstream:short)%00%(objectname)%00%(upstream:track)%00%(upstream:remotename)%00%(upstream:remoteref) refs/heads/main refs/remotes/main [4ms]
2024-11-18 00:23:07.952 [warning] [Git][getBranch] No such branch: main
2024-11-18 00:23:07.997 [info] > git for-each-ref --sort -committerdate --format %(refname) %(objectname) %(*objectname) [7ms]
2024-11-18 00:23:08.002 [info] > git status -z -uall [32ms]
2024-11-18 00:23:13.046 [info] [Git][getRemotes] No remotes found in the git config file
2024-11-18 00:23:13.047 [info] > git config --get commit.template [14ms]
2024-11-18 00:23:13.050 [info] > git for-each-ref --format=%(refname)%00%(upstream:short)%00%(objectname)%00%(upstream:track)%00%(upstream:remotename)%00%(upstream:remoteref) refs/heads/main refs/remotes/main [4ms]
2024-11-18 00:23:13.050 [warning] [Git][getBranch] No such branch: main
2024-11-18 00:23:13.113 [info] > git status -z -uall [39ms]
2024-11-18 00:23:13.115 [info] > git for-each-ref --sort -committerdate --format %(refname) %(objectname) %(*objectname) [10ms]
2024-11-18 00:23:18.162 [info] [Git][getRemotes] No remotes found in the git config file
2024-11-18 00:23:18.165 [info] > git config --get commit.template [20ms]
2024-11-18 00:23:18.166 [info] > git for-each-ref --format=%(refname)%00%(upstream:short)%00%(objectname)%00%(upstream:track)%00%(upstream:remotename)%00%(upstream:remoteref) refs/heads/main refs/remotes/main [4ms]
2024-11-18 00:23:18.166 [warning] [Git][getBranch] No such branch: main
2024-11-18 00:23:18.234 [info] > git status -z -uall [48ms]
2024-11-18 00:23:18.248 [info] > git for-each-ref --sort -committerdate --format %(refname) %(objectname) %(*objectname) [14ms]
2024-11-18 00:23:23.296 [info] [Git][getRemotes] No remotes found in the git config file
2024-11-18 00:23:23.299 [info] > git for-each-ref --format=%(refname)%00%(upstream:short)%00%(objectname)%00%(upstream:track)%00%(upstream:remotename)%00%(upstream:remoteref) refs/heads/main refs/remotes/main [3ms]
2024-11-18 00:23:23.299 [warning] [Git][getBranch] No such branch: main
2024-11-18 00:23:23.299 [info] > git config --get commit.template [13ms]
2024-11-18 00:23:23.326 [info] > git for-each-ref --sort -committerdate --format %(refname) %(objectname) %(*objectname) [2ms]
2024-11-18 00:23:23.330 [info] > git status -z -uall [18ms]
2024-11-18 00:23:28.365 [info] > git config --get commit.template [12ms]
2024-11-18 00:23:28.366 [info] [Git][getRemotes] No remotes found in the git config file
2024-11-18 00:23:28.366 [info] > git for-each-ref --format=%(refname)%00%(upstream:short)%00%(objectname)%00%(upstream:track)%00%(upstream:remotename)%00%(upstream:remoteref) refs/heads/main refs/remotes/main [2ms]
2024-11-18 00:23:28.366 [warning] [Git][getBranch] No such branch: main
2024-11-18 00:23:28.394 [info] > git for-each-ref --sort -committerdate --format %(refname) %(objectname) %(*objectname) [2ms]
2024-11-18 00:23:28.397 [info] > git status -z -uall [20ms]
2024-11-18 00:23:33.520 [info] > git config --get commit.template [4ms]
2024-11-18 00:23:33.531 [info] [Git][getRemotes] No remotes found in the git config file
2024-11-18 00:23:33.535 [info] > git for-each-ref --format=%(refname)%00%(upstream:short)%00%(objectname)%00%(upstream:track)%00%(upstream:remotename)%00%(upstream:remoteref) refs/heads/main refs/remotes/main [4ms]
2024-11-18 00:23:33.535 [warning] [Git][getBranch] No such branch: main
2024-11-18 00:23:33.565 [info] > git for-each-ref --sort -committerdate --format %(refname) %(objectname) %(*objectname) [3ms]
2024-11-18 00:23:33.577 [info] > git status -z -uall [28ms]
2024-11-18 00:23:39.252 [info] [Git][getRemotes] No remotes found in the git config file
2024-11-18 00:23:39.253 [info] > git config --get commit.template [19ms]
2024-11-18 00:23:39.254 [info] > git for-each-ref --format=%(refname)%00%(upstream:short)%00%(objectname)%00%(upstream:track)%00%(upstream:remotename)%00%(upstream:remoteref) refs/heads/main refs/remotes/main [2ms]
2024-11-18 00:23:39.254 [warning] [Git][getBranch] No such branch: main
2024-11-18 00:23:39.292 [info] > git for-each-ref --sort -committerdate --format %(refname) %(objectname) %(*objectname) [3ms]
2024-11-18 00:23:39.314 [info] > git status -z -uall [38ms]
2024-11-18 00:24:42.130 [info] [Git][getRemotes] No remotes found in the git config file
2024-11-18 00:24:42.131 [info] > git config --get commit.template [50ms]
2024-11-18 00:24:42.141 [info] > git for-each-ref --format=%(refname)%00%(upstream:short)%00%(objectname)%00%(upstream:track)%00%(upstream:remotename)%00%(upstream:remoteref) refs/heads/main refs/remotes/main [17ms]
2024-11-18 00:24:42.142 [warning] [Git][getBranch] No such branch: main
2024-11-18 00:24:42.208 [info] > git for-each-ref --sort -committerdate --format %(refname) %(objectname) %(*objectname) [7ms]
2024-11-18 00:24:42.226 [info] > git status -z -uall [51ms]
2024-11-18 00:24:47.331 [info] > git config --get commit.template [36ms]
2024-11-18 00:24:47.332 [info] [Git][getRemotes] No remotes found in the git config file
2024-11-18 00:24:47.333 [info] > git for-each-ref --format=%(refname)%00%(upstream:short)%00%(objectname)%00%(upstream:track)%00%(upstream:remotename)%00%(upstream:remoteref) refs/heads/main refs/remotes/main [3ms]
2024-11-18 00:24:47.333 [warning] [Git][getBranch] No such branch: main
2024-11-18 00:24:47.395 [info] > git for-each-ref --sort -committerdate --format %(refname) %(objectname) %(*objectname) [10ms]
2024-11-18 00:24:47.404 [info] > git status -z -uall [42ms]
2024-11-18 00:24:54.692 [info] > git config --get commit.template [4ms]
2024-11-18 00:24:54.693 [info] [Git][getRemotes] No remotes found in the git config file
2024-11-18 00:24:54.709 [info] > git for-each-ref --format=%(refname)%00%(upstream:short)%00%(objectname)%00%(upstream:track)%00%(upstream:remotename)%00%(upstream:remoteref) refs/heads/main refs/remotes/main [2ms]
2024-11-18 00:24:54.709 [warning] [Git][getBranch] No such branch: main
2024-11-18 00:24:54.759 [info] > git for-each-ref --sort -committerdate --format %(refname) %(objectname) %(*objectname) [16ms]
2024-11-18 00:24:54.781 [info] > git status -z -uall [50ms]
2024-11-18 00:24:59.831 [info] [Git][getRemotes] No remotes found in the git config file
2024-11-18 00:24:59.849 [info] > git for-each-ref --format=%(refname)%00%(upstream:short)%00%(objectname)%00%(upstream:track)%00%(upstream:remotename)%00%(upstream:remoteref) refs/heads/main refs/remotes/main [3ms]
2024-11-18 00:24:59.850 [warning] [Git][getBranch] No such branch: main
2024-11-18 00:24:59.850 [info] > git config --get commit.template [20ms]
2024-11-18 00:24:59.889 [info] > git status -z -uall [18ms]
2024-11-18 00:24:59.908 [info] > git for-each-ref --sort -committerdate --format %(refname) %(objectname) %(*objectname) [23ms]
2024-11-18 00:25:01.883 [info] > git remote add origin https://github.com/StatusCritical/.config.git [21ms]
2024-11-18 00:25:01.926 [info] > git config --get commit.template [10ms]
2024-11-18 00:25:01.960 [info] > git for-each-ref --format=%(refname)%00%(upstream:short)%00%(objectname)%00%(upstream:track)%00%(upstream:remotename)%00%(upstream:remoteref) refs/heads/main refs/remotes/main [11ms]
2024-11-18 00:25:01.960 [warning] [Git][getBranch] No such branch: main
2024-11-18 00:25:02.052 [info] > git status -z -uall [43ms]
2024-11-18 00:25:02.056 [info] > git for-each-ref --sort -committerdate --format %(refname) %(objectname) %(*objectname) [6ms]
2024-11-18 00:25:02.310 [info] > git push -u origin main [218ms]
2024-11-18 00:25:02.310 [info] error: src refspec main does not match any
error: failed to push some refs to 'https://github.com/StatusCritical/.config.git'
2024-11-18 00:25:02.397 [info] > git for-each-ref --format=%(refname)%00%(upstream:short)%00%(objectname)%00%(upstream:track)%00%(upstream:remotename)%00%(upstream:remoteref) refs/heads/main refs/remotes/main [11ms]
2024-11-18 00:25:02.403 [warning] [Git][getBranch] No such branch: main
2024-11-18 00:25:02.403 [info] > git config --get commit.template [41ms]
2024-11-18 00:25:02.463 [info] > git for-each-ref --sort -committerdate --format %(refname) %(objectname) %(*objectname) [1ms]
2024-11-18 00:25:02.484 [info] > git status -z -uall [51ms]
2024-11-18 00:25:06.805 [info] > git ls-files --stage -- /home/uwu/.config/i3/config [0ms]
2024-11-18 00:25:06.820 [info] > git config --get commit.template [34ms]
2024-11-18 00:25:06.825 [info] > git cat-file -s 3d6309a9bdac2e52941659b2dc51fa60c43bfe8f [5ms]
2024-11-18 00:25:06.847 [info] > git for-each-ref --format=%(refname)%00%(upstream:short)%00%(objectname)%00%(upstream:track)%00%(upstream:remotename)%00%(upstream:remoteref) refs/heads/main refs/remotes/main [5ms]
2024-11-18 00:25:06.848 [warning] [Git][getBranch] No such branch: main
2024-11-18 00:25:06.908 [info] > git status -z -uall [40ms]
2024-11-18 00:25:06.909 [info] > git for-each-ref --sort -committerdate --format %(refname) %(objectname) %(*objectname) [21ms]
2024-11-18 00:25:06.924 [info] > git show --textconv :i3/config [17ms]
2024-11-18 00:25:11.484 [info] > git for-each-ref --sort -committerdate --format %(refname) %(objectname) %(*objectname) [1ms]
2024-11-18 00:25:11.943 [info] > git config --get commit.template [12ms]
2024-11-18 00:25:11.945 [info] > git for-each-ref --format=%(refname)%00%(upstream:short)%00%(objectname)%00%(upstream:track)%00%(upstream:remotename)%00%(upstream:remoteref) refs/heads/main refs/remotes/main [3ms]
2024-11-18 00:25:11.945 [warning] [Git][getBranch] No such branch: main
2024-11-18 00:25:11.980 [info] > git status -z -uall [22ms]
2024-11-18 00:25:11.984 [info] > git for-each-ref --sort -committerdate --format %(refname) %(objectname) %(*objectname) [7ms]
2024-11-18 00:25:17.025 [info] > git config --get commit.template [3ms]
2024-11-18 00:25:17.051 [info] > git for-each-ref --format=%(refname)%00%(upstream:short)%00%(objectname)%00%(upstream:track)%00%(upstream:remotename)%00%(upstream:remoteref) refs/heads/main refs/remotes/main [3ms]
2024-11-18 00:25:17.052 [warning] [Git][getBranch] No such branch: main
2024-11-18 00:25:17.107 [info] > git for-each-ref --sort -committerdate --format %(refname) %(objectname) %(*objectname) [1ms]
2024-11-18 00:25:17.114 [info] > git status -z -uall [37ms]
2024-11-18 00:25:22.160 [info] > git config --get commit.template [3ms]
2024-11-18 00:25:22.175 [info] > git for-each-ref --format=%(refname)%00%(upstream:short)%00%(objectname)%00%(upstream:track)%00%(upstream:remotename)%00%(upstream:remoteref) refs/heads/main refs/remotes/main [3ms]
2024-11-18 00:25:22.176 [warning] [Git][getBranch] No such branch: main
2024-11-18 00:25:22.207 [info] > git status -z -uall [18ms]
2024-11-18 00:25:22.207 [info] > git for-each-ref --sort -committerdate --format %(refname) %(objectname) %(*objectname) [5ms]
2024-11-18 00:25:27.240 [info] > git config --get commit.template [12ms]
2024-11-18 00:25:27.241 [info] > git for-each-ref --format=%(refname)%00%(upstream:short)%00%(objectname)%00%(upstream:track)%00%(upstream:remotename)%00%(upstream:remoteref) refs/heads/main refs/remotes/main [2ms]
2024-11-18 00:25:27.241 [warning] [Git][getBranch] No such branch: main
2024-11-18 00:25:27.280 [info] > git status -z -uall [24ms]
2024-11-18 00:25:27.283 [info] > git for-each-ref --sort -committerdate --format %(refname) %(objectname) %(*objectname) [4ms]
2024-11-18 00:25:32.315 [info] > git config --get commit.template [1ms]
2024-11-18 00:25:32.350 [info] > git for-each-ref --format=%(refname)%00%(upstream:short)%00%(objectname)%00%(upstream:track)%00%(upstream:remotename)%00%(upstream:remoteref) refs/heads/main refs/remotes/main [6ms]
2024-11-18 00:25:32.350 [warning] [Git][getBranch] No such branch: main
2024-11-18 00:25:32.406 [info] > git for-each-ref --sort -committerdate --format %(refname) %(objectname) %(*objectname) [6ms]
2024-11-18 00:25:32.412 [info] > git status -z -uall [40ms]
2024-11-18 00:25:37.448 [info] > git config --get commit.template [10ms]
2024-11-18 00:25:37.449 [info] > git for-each-ref --format=%(refname)%00%(upstream:short)%00%(objectname)%00%(upstream:track)%00%(upstream:remotename)%00%(upstream:remoteref) refs/heads/main refs/remotes/main [2ms]
2024-11-18 00:25:37.450 [warning] [Git][getBranch] No such branch: main
2024-11-18 00:25:37.480 [info] > git for-each-ref --sort -committerdate --format %(refname) %(objectname) %(*objectname) [1ms]
2024-11-18 00:25:37.485 [info] > git status -z -uall [21ms]
2024-11-18 00:25:42.515 [info] > git config --get commit.template [10ms]
2024-11-18 00:25:42.516 [info] > git for-each-ref --format=%(refname)%00%(upstream:short)%00%(objectname)%00%(upstream:track)%00%(upstream:remotename)%00%(upstream:remoteref) refs/heads/main refs/remotes/main [2ms]
2024-11-18 00:25:42.516 [warning] [Git][getBranch] No such branch: main
2024-11-18 00:25:42.542 [info] > git for-each-ref --sort -committerdate --format %(refname) %(objectname) %(*objectname) [1ms]
2024-11-18 00:25:42.547 [info] > git status -z -uall [18ms]
2024-11-18 00:25:47.592 [info] > git config --get commit.template [19ms]
2024-11-18 00:25:47.598 [info] > git for-each-ref --format=%(refname)%00%(upstream:short)%00%(objectname)%00%(upstream:track)%00%(upstream:remotename)%00%(upstream:remoteref) refs/heads/main refs/remotes/main [6ms]
2024-11-18 00:25:47.598 [warning] [Git][getBranch] No such branch: main
2024-11-18 00:25:47.637 [info] > git status -z -uall [19ms]
2024-11-18 00:25:47.644 [info] > git for-each-ref --sort -committerdate --format %(refname) %(objectname) %(*objectname) [8ms]
2024-11-18 00:25:49.899 [info] > git for-each-ref --sort -committerdate --format %(refname) %(objectname) %(*objectname) [2ms]
2024-11-18 00:25:52.680 [info] > git config --get commit.template [11ms]
2024-11-18 00:25:52.681 [info] > git for-each-ref --format=%(refname)%00%(upstream:short)%00%(objectname)%00%(upstream:track)%00%(upstream:remotename)%00%(upstream:remoteref) refs/heads/main refs/remotes/main [1ms]
2024-11-18 00:25:52.682 [warning] [Git][getBranch] No such branch: main
2024-11-18 00:25:52.710 [info] > git status -z -uall [18ms]
2024-11-18 00:25:52.713 [info] > git for-each-ref --sort -committerdate --format %(refname) %(objectname) %(*objectname) [4ms]
2024-11-18 00:25:57.751 [info] > git config --get commit.template [12ms]
2024-11-18 00:25:57.753 [info] > git for-each-ref --format=%(refname)%00%(upstream:short)%00%(objectname)%00%(upstream:track)%00%(upstream:remotename)%00%(upstream:remoteref) refs/heads/main refs/remotes/main [4ms]
2024-11-18 00:25:57.753 [warning] [Git][getBranch] No such branch: main
2024-11-18 00:25:57.779 [info] > git for-each-ref --sort -committerdate --format %(refname) %(objectname) %(*objectname) [1ms]
2024-11-18 00:25:57.787 [info] > git status -z -uall [22ms]
2024-11-18 00:26:02.832 [info] > git for-each-ref --format=%(refname)%00%(upstream:short)%00%(objectname)%00%(upstream:track)%00%(upstream:remotename)%00%(upstream:remoteref) refs/heads/main refs/remotes/main [1ms]
2024-11-18 00:26:02.833 [warning] [Git][getBranch] No such branch: main
2024-11-18 00:26:02.834 [info] > git config --get commit.template [23ms]
2024-11-18 00:26:02.881 [info] > git status -z -uall [25ms]
2024-11-18 00:26:02.885 [info] > git for-each-ref --sort -committerdate --format %(refname) %(objectname) %(*objectname) [5ms]
2024-11-18 00:26:07.914 [info] > git config --get commit.template [2ms]
2024-11-18 00:26:07.930 [info] > git for-each-ref --format=%(refname)%00%(upstream:short)%00%(objectname)%00%(upstream:track)%00%(upstream:remotename)%00%(upstream:remoteref) refs/heads/main refs/remotes/main [2ms]
2024-11-18 00:26:07.931 [warning] [Git][getBranch] No such branch: main
2024-11-18 00:26:07.972 [info] > git status -z -uall [24ms]
2024-11-18 00:26:07.977 [info] > git for-each-ref --sort -committerdate --format %(refname) %(objectname) %(*objectname) [8ms]
2024-11-18 00:26:09.114 [info] > git log --format=%H%n%aN%n%aE%n%at%n%ct%n%P%n%D%n%B -z --shortstat --diff-merges=first-parent -n50 --skip=0 --topo-order --decorate=full --stdin [3ms]
2024-11-18 00:26:09.114 [info] fatal: bad revision 'refs/heads/main'
2024-11-18 00:26:09.115 [error] [GitHistoryProvider][provideHistoryItems] Failed to get history items with options '{"historyItemRefs":["refs/heads/main"],"limit":50,"skip":0}': Failed to execute git {
  "exitCode": 128,
  "gitCommand": "log",
  "stdout": "",
  "stderr": "fatal: bad revision 'refs/heads/main'\n"
}
2024-11-18 00:26:09.919 [info] > git check-ignore -v -z --stdin [1ms]
2024-11-18 00:26:13.013 [info] > git config --get commit.template [15ms]
2024-11-18 00:26:13.015 [info] > git for-each-ref --format=%(refname)%00%(upstream:short)%00%(objectname)%00%(upstream:track)%00%(upstream:remotename)%00%(upstream:remoteref) refs/heads/main refs/remotes/main [3ms]
2024-11-18 00:26:13.015 [warning] [Git][getBranch] No such branch: main
2024-11-18 00:26:13.048 [info] > git for-each-ref --sort -committerdate --format %(refname) %(objectname) %(*objectname) [3ms]
2024-11-18 00:26:13.055 [info] > git status -z -uall [22ms]
2024-11-18 00:26:18.089 [info] > git for-each-ref --format=%(refname)%00%(upstream:short)%00%(objectname)%00%(upstream:track)%00%(upstream:remotename)%00%(upstream:remoteref) refs/heads/main refs/remotes/main [3ms]
2024-11-18 00:26:18.089 [warning] [Git][getBranch] No such branch: main
2024-11-18 00:26:18.090 [info] > git config --get commit.template [14ms]
2024-11-18 00:26:18.119 [info] > git for-each-ref --sort -committerdate --format %(refname) %(objectname) %(*objectname) [2ms]
2024-11-18 00:26:18.122 [info] > git status -z -uall [17ms]
2024-11-18 00:26:21.572 [info] > git for-each-ref --sort -committerdate --format %(refname) %(objectname) %(*objectname) [5ms]
2024-11-18 00:26:23.175 [info] > git config --get commit.template [17ms]
2024-11-18 00:26:23.178 [info] > git for-each-ref --format=%(refname)%00%(upstream:short)%00%(objectname)%00%(upstream:track)%00%(upstream:remotename)%00%(upstream:remoteref) refs/heads/main refs/remotes/main [4ms]
2024-11-18 00:26:23.178 [warning] [Git][getBranch] No such branch: main
2024-11-18 00:26:23.222 [info] > git for-each-ref --sort -committerdate --format %(refname) %(objectname) %(*objectname) [2ms]
2024-11-18 00:26:23.238 [info] > git status -z -uall [43ms]
2024-11-18 00:26:28.275 [info] > git config --get commit.template [0ms]
2024-11-18 00:26:28.288 [info] > git for-each-ref --format=%(refname)%00%(upstream:short)%00%(objectname)%00%(upstream:track)%00%(upstream:remotename)%00%(upstream:remoteref) refs/heads/main refs/remotes/main [1ms]
2024-11-18 00:26:28.289 [warning] [Git][getBranch] No such branch: main
2024-11-18 00:26:28.330 [info] > git status -z -uall [27ms]
2024-11-18 00:26:28.330 [info] > git for-each-ref --sort -committerdate --format %(refname) %(objectname) %(*objectname) [5ms]
2024-11-18 00:26:28.650 [info] > git config --get commit.template [4ms]
2024-11-18 00:26:28.724 [info] > git for-each-ref --format=%(refname)%00%(upstream:short)%00%(objectname)%00%(upstream:track)%00%(upstream:remotename)%00%(upstream:remoteref) refs/heads/main refs/remotes/main [20ms]
2024-11-18 00:26:28.724 [warning] [Git][getBranch] No such branch: main
2024-11-18 00:26:28.824 [info] > git for-each-ref --sort -committerdate --format %(refname) %(objectname) %(*objectname) [4ms]
2024-11-18 00:26:28.829 [info] > git status -z -uall [59ms]
2024-11-18 00:26:33.370 [info] > git config --get commit.template [11ms]
2024-11-18 00:26:33.371 [info] > git for-each-ref --format=%(refname)%00%(upstream:short)%00%(objectname)%00%(upstream:track)%00%(upstream:remotename)%00%(upstream:remoteref) refs/heads/main refs/remotes/main [2ms]
2024-11-18 00:26:33.371 [warning] [Git][getBranch] No such branch: main
2024-11-18 00:26:33.402 [info] > git status -z -uall [16ms]
2024-11-18 00:26:33.404 [info] > git for-each-ref --sort -committerdate --format %(refname) %(objectname) %(*objectname) [4ms]
2024-11-18 00:26:38.443 [info] > git config --get commit.template [17ms]
2024-11-18 00:26:38.450 [info] > git for-each-ref --format=%(refname)%00%(upstream:short)%00%(objectname)%00%(upstream:track)%00%(upstream:remotename)%00%(upstream:remoteref) refs/heads/main refs/remotes/main [8ms]
2024-11-18 00:26:38.450 [warning] [Git][getBranch] No such branch: main
2024-11-18 00:26:38.500 [info] > git status -z -uall [37ms]
2024-11-18 00:26:38.501 [info] > git for-each-ref --sort -committerdate --format %(refname) %(objectname) %(*objectname) [6ms]
2024-11-18 00:26:43.534 [info] > git config --get commit.template [11ms]
2024-11-18 00:26:43.535 [info] > git for-each-ref --format=%(refname)%00%(upstream:short)%00%(objectname)%00%(upstream:track)%00%(upstream:remotename)%00%(upstream:remoteref) refs/heads/main refs/remotes/main [2ms]
2024-11-18 00:26:43.535 [warning] [Git][getBranch] No such branch: main
2024-11-18 00:26:43.569 [info] > git status -z -uall [21ms]
2024-11-18 00:26:43.569 [info] > git for-each-ref --sort -committerdate --format %(refname) %(objectname) %(*objectname) [4ms]
2024-11-18 00:26:48.597 [info] > git config --get commit.template [4ms]
2024-11-18 00:26:48.614 [info] > git for-each-ref --format=%(refname)%00%(upstream:short)%00%(objectname)%00%(upstream:track)%00%(upstream:remotename)%00%(upstream:remoteref) refs/heads/main refs/remotes/main [3ms]
2024-11-18 00:26:48.614 [warning] [Git][getBranch] No such branch: main
2024-11-18 00:26:48.649 [info] > git status -z -uall [20ms]
2024-11-18 00:26:48.651 [info] > git for-each-ref --sort -committerdate --format %(refname) %(objectname) %(*objectname) [9ms]
2024-11-18 00:26:53.689 [info] > git config --get commit.template [15ms]
2024-11-18 00:26:53.691 [info] > git for-each-ref --format=%(refname)%00%(upstream:short)%00%(objectname)%00%(upstream:track)%00%(upstream:remotename)%00%(upstream:remoteref) refs/heads/main refs/remotes/main [2ms]
2024-11-18 00:26:53.691 [warning] [Git][getBranch] No such branch: main
2024-11-18 00:26:53.722 [info] > git for-each-ref --sort -committerdate --format %(refname) %(objectname) %(*objectname) [0ms]
2024-11-18 00:26:53.726 [info] > git status -z -uall [21ms]
2024-11-18 00:26:58.769 [info] > git config --get commit.template [13ms]
2024-11-18 00:26:58.771 [info] > git for-each-ref --format=%(refname)%00%(upstream:short)%00%(objectname)%00%(upstream:track)%00%(upstream:remotename)%00%(upstream:remoteref) refs/heads/main refs/remotes/main [3ms]
2024-11-18 00:26:58.771 [warning] [Git][getBranch] No such branch: main
2024-11-18 00:26:58.800 [info] > git status -z -uall [18ms]
2024-11-18 00:26:58.801 [info] > git for-each-ref --sort -committerdate --format %(refname) %(objectname) %(*objectname) [2ms]
2024-11-18 00:27:03.828 [info] > git config --get commit.template [2ms]
2024-11-18 00:27:03.846 [info] > git for-each-ref --format=%(refname)%00%(upstream:short)%00%(objectname)%00%(upstream:track)%00%(upstream:remotename)%00%(upstream:remoteref) refs/heads/main refs/remotes/main [6ms]
2024-11-18 00:27:03.846 [warning] [Git][getBranch] No such branch: main
2024-11-18 00:27:03.886 [info] > git status -z -uall [21ms]
2024-11-18 00:27:03.886 [info] > git for-each-ref --sort -committerdate --format %(refname) %(objectname) %(*objectname) [5ms]
2024-11-18 00:27:08.925 [info] > git config --get commit.template [11ms]
2024-11-18 00:27:08.926 [info] > git for-each-ref --format=%(refname)%00%(upstream:short)%00%(objectname)%00%(upstream:track)%00%(upstream:remotename)%00%(upstream:remoteref) refs/heads/main refs/remotes/main [1ms]
2024-11-18 00:27:08.927 [warning] [Git][getBranch] No such branch: main
2024-11-18 00:27:08.957 [info] > git for-each-ref --sort -committerdate --format %(refname) %(objectname) %(*objectname) [2ms]
2024-11-18 00:27:08.958 [info] > git status -z -uall [18ms]
2024-11-18 00:27:13.982 [info] > git config --get commit.template [1ms]
2024-11-18 00:27:13.995 [info] > git for-each-ref --format=%(refname)%00%(upstream:short)%00%(objectname)%00%(upstream:track)%00%(upstream:remotename)%00%(upstream:remoteref) refs/heads/main refs/remotes/main [2ms]
2024-11-18 00:27:13.995 [warning] [Git][getBranch] No such branch: main
2024-11-18 00:27:14.026 [info] > git for-each-ref --sort -committerdate --format %(refname) %(objectname) %(*objectname) [1ms]
2024-11-18 00:27:14.034 [info] > git status -z -uall [25ms]
2024-11-18 00:27:19.071 [info] > git config --get commit.template [2ms]
2024-11-18 00:27:19.094 [info] > git for-each-ref --format=%(refname)%00%(upstream:short)%00%(objectname)%00%(upstream:track)%00%(upstream:remotename)%00%(upstream:remoteref) refs/heads/main refs/remotes/main [5ms]
2024-11-18 00:27:19.096 [warning] [Git][getBranch] No such branch: main
2024-11-18 00:27:19.142 [info] > git status -z -uall [28ms]
2024-11-18 00:27:19.150 [info] > git for-each-ref --sort -committerdate --format %(refname) %(objectname) %(*objectname) [10ms]
2024-11-18 00:27:24.189 [info] > git config --get commit.template [15ms]
2024-11-18 00:27:24.194 [info] > git for-each-ref --format=%(refname)%00%(upstream:short)%00%(objectname)%00%(upstream:track)%00%(upstream:remotename)%00%(upstream:remoteref) refs/heads/main refs/remotes/main [7ms]
2024-11-18 00:27:24.195 [warning] [Git][getBranch] No such branch: main
2024-11-18 00:27:24.254 [info] > git status -z -uall [32ms]
2024-11-18 00:27:24.254 [info] > git for-each-ref --sort -committerdate --format %(refname) %(objectname) %(*objectname) [4ms]
2024-11-18 00:27:29.302 [info] > git for-each-ref --format=%(refname)%00%(upstream:short)%00%(objectname)%00%(upstream:track)%00%(upstream:remotename)%00%(upstream:remoteref) refs/heads/main refs/remotes/main [2ms]
2024-11-18 00:27:29.303 [warning] [Git][getBranch] No such branch: main
2024-11-18 00:27:29.304 [info] > git config --get commit.template [21ms]
2024-11-18 00:27:29.344 [info] > git status -z -uall [25ms]
2024-11-18 00:27:29.348 [info] > git for-each-ref --sort -committerdate --format %(refname) %(objectname) %(*objectname) [5ms]
2024-11-18 00:27:34.378 [info] > git config --get commit.template [1ms]
2024-11-18 00:27:34.396 [info] > git for-each-ref --format=%(refname)%00%(upstream:short)%00%(objectname)%00%(upstream:track)%00%(upstream:remotename)%00%(upstream:remoteref) refs/heads/main refs/remotes/main [1ms]
2024-11-18 00:27:34.396 [warning] [Git][getBranch] No such branch: main
2024-11-18 00:27:34.434 [info] > git status -z -uall [22ms]
2024-11-18 00:27:34.439 [info] > git for-each-ref --sort -committerdate --format %(refname) %(objectname) %(*objectname) [7ms]
2024-11-18 00:27:39.465 [info] > git config --get commit.template [2ms]
2024-11-18 00:27:39.486 [info] > git for-each-ref --format=%(refname)%00%(upstream:short)%00%(objectname)%00%(upstream:track)%00%(upstream:remotename)%00%(upstream:remoteref) refs/heads/main refs/remotes/main [3ms]
2024-11-18 00:27:39.486 [warning] [Git][getBranch] No such branch: main
2024-11-18 00:27:39.521 [info] > git for-each-ref --sort -committerdate --format %(refname) %(objectname) %(*objectname) [1ms]
2024-11-18 00:27:39.527 [info] > git status -z -uall [27ms]
2024-11-18 00:27:44.577 [info] > git config --get commit.template [18ms]
2024-11-18 00:27:44.579 [info] > git for-each-ref --format=%(refname)%00%(upstream:short)%00%(objectname)%00%(upstream:track)%00%(upstream:remotename)%00%(upstream:remoteref) refs/heads/main refs/remotes/main [2ms]
2024-11-18 00:27:44.579 [warning] [Git][getBranch] No such branch: main
2024-11-18 00:27:44.617 [info] > git status -z -uall [26ms]
2024-11-18 00:27:44.622 [info] > git for-each-ref --sort -committerdate --format %(refname) %(objectname) %(*objectname) [9ms]
2024-11-18 00:27:49.667 [info] > git config --get commit.template [17ms]
2024-11-18 00:27:49.668 [info] > git for-each-ref --format=%(refname)%00%(upstream:short)%00%(objectname)%00%(upstream:track)%00%(upstream:remotename)%00%(upstream:remoteref) refs/heads/main refs/remotes/main [3ms]
2024-11-18 00:27:49.668 [warning] [Git][getBranch] No such branch: main
2024-11-18 00:27:49.712 [info] > git for-each-ref --sort -committerdate --format %(refname) %(objectname) %(*objectname) [8ms]
2024-11-18 00:27:49.715 [info] > git status -z -uall [29ms]
2024-11-18 00:27:54.769 [info] > git config --get commit.template [1ms]
2024-11-18 00:27:54.813 [info] > git for-each-ref --format=%(refname)%00%(upstream:short)%00%(objectname)%00%(upstream:track)%00%(upstream:remotename)%00%(upstream:remoteref) refs/heads/main refs/remotes/main [1ms]
2024-11-18 00:27:54.813 [warning] [Git][getBranch] No such branch: main
2024-11-18 00:27:54.884 [info] > git status -z -uall [48ms]
2024-11-18 00:27:54.891 [info] > git for-each-ref --sort -committerdate --format %(refname) %(objectname) %(*objectname) [9ms]
2024-11-18 00:27:59.960 [info] > git config --get commit.template [2ms]
2024-11-18 00:28:00.024 [info] > git for-each-ref --format=%(refname)%00%(upstream:short)%00%(objectname)%00%(upstream:track)%00%(upstream:remotename)%00%(upstream:remoteref) refs/heads/main refs/remotes/main [5ms]
2024-11-18 00:28:00.025 [warning] [Git][getBranch] No such branch: main
2024-11-18 00:28:00.071 [info] > git for-each-ref --sort -committerdate --format %(refname) %(objectname) %(*objectname) [6ms]
2024-11-18 00:28:00.083 [info] > git status -z -uall [32ms]
2024-11-18 00:28:03.421 [info] > git check-ignore -v -z --stdin [2ms]
2024-11-18 00:28:05.118 [info] > git config --get commit.template [2ms]
2024-11-18 00:28:05.135 [info] > git for-each-ref --format=%(refname)%00%(upstream:short)%00%(objectname)%00%(upstream:track)%00%(upstream:remotename)%00%(upstream:remoteref) refs/heads/main refs/remotes/main [3ms]
2024-11-18 00:28:05.135 [warning] [Git][getBranch] No such branch: main
2024-11-18 00:28:05.184 [info] > git status -z -uall [32ms]
2024-11-18 00:28:05.185 [info] > git check-ignore -v -z --stdin [6ms]
2024-11-18 00:28:05.190 [info] > git for-each-ref --sort -committerdate --format %(refname) %(objectname) %(*objectname) [24ms]
2024-11-18 00:28:06.952 [info] > git -c user.useConfigOnly=true commit --quiet [37ms]
2024-11-18 00:28:06.953 [info] Author identity unknown

*** Please tell me who you are.

Run

  git config --global user.email "you@example.com"
  git config --global user.name "Your Name"

to set your account's default identity.
Omit --global to set the identity only in this repository.

fatal: no email was given and auto-detection is disabled
2024-11-18 00:28:07.000 [info] > git config --get-all user.name [14ms]
2024-11-18 00:28:07.060 [info] > git config --get commit.template [17ms]
2024-11-18 00:28:07.097 [info] > git for-each-ref --format=%(refname)%00%(upstream:short)%00%(objectname)%00%(upstream:track)%00%(upstream:remotename)%00%(upstream:remoteref) refs/heads/main refs/remotes/main [6ms]
2024-11-18 00:28:07.103 [warning] [Git][getBranch] No such branch: main
2024-11-18 00:28:07.159 [info] > git for-each-ref --sort -committerdate --format %(refname) %(objectname) %(*objectname) [4ms]
2024-11-18 00:28:07.162 [info] > git status -z -uall [30ms]
2024-11-18 00:28:12.087 [info] > git config --get commit.template [19ms]
2024-11-18 00:28:12.090 [info] > git ls-files --stage -- /home/uwu/.config/i3/config [4ms]
2024-11-18 00:28:12.132 [info] > git for-each-ref --format=%(refname)%00%(upstream:short)%00%(objectname)%00%(upstream:track)%00%(upstream:remotename)%00%(upstream:remoteref) refs/heads/main refs/remotes/main [4ms]
2024-11-18 00:28:12.132 [warning] [Git][getBranch] No such branch: main
2024-11-18 00:28:12.179 [info] > git cat-file -s 3d6309a9bdac2e52941659b2dc51fa60c43bfe8f [68ms]
2024-11-18 00:28:12.181 [info] > git status -z -uall [22ms]
2024-11-18 00:28:12.183 [info] > git for-each-ref --sort -committerdate --format %(refname) %(objectname) %(*objectname) [4ms]
2024-11-18 00:28:12.220 [info] > git show --textconv :i3/config [9ms]
2024-11-18 00:28:17.212 [info] > git config --get commit.template [4ms]
2024-11-18 00:28:17.226 [info] > git for-each-ref --format=%(refname)%00%(upstream:short)%00%(objectname)%00%(upstream:track)%00%(upstream:remotename)%00%(upstream:remoteref) refs/heads/main refs/remotes/main [2ms]
2024-11-18 00:28:17.226 [warning] [Git][getBranch] No such branch: main
2024-11-18 00:28:17.260 [info] > git status -z -uall [23ms]
2024-11-18 00:28:17.261 [info] > git for-each-ref --sort -committerdate --format %(refname) %(objectname) %(*objectname) [3ms]
2024-11-18 00:28:22.288 [info] > git config --get commit.template [0ms]
2024-11-18 00:28:22.313 [info] > git for-each-ref --format=%(refname)%00%(upstream:short)%00%(objectname)%00%(upstream:track)%00%(upstream:remotename)%00%(upstream:remoteref) refs/heads/main refs/remotes/main [3ms]
2024-11-18 00:28:22.313 [warning] [Git][getBranch] No such branch: main
2024-11-18 00:28:22.372 [info] > git status -z -uall [38ms]
2024-11-18 00:28:22.374 [info] > git for-each-ref --sort -committerdate --format %(refname) %(objectname) %(*objectname) [5ms]
2024-11-18 00:33:02.078 [info] > git config --get commit.template [0ms]
2024-11-18 00:33:02.095 [info] > git for-each-ref --format=%(refname)%00%(upstream:short)%00%(objectname)%00%(upstream:track)%00%(upstream:remotename)%00%(upstream:remoteref) refs/heads/main refs/remotes/main [3ms]
2024-11-18 00:33:02.096 [warning] [Git][getBranch] No such branch: main
2024-11-18 00:33:02.134 [info] > git status -z -uall [25ms]
2024-11-18 00:33:02.134 [info] > git for-each-ref --sort -committerdate --format %(refname) %(objectname) %(*objectname) [5ms]
2024-11-18 00:33:03.381 [info] > git -c user.useConfigOnly=true commit --quiet [73ms]
2024-11-18 00:33:03.381 [info] Author identity unknown

*** Please tell me who you are.

Run

  git config --global user.email "you@example.com"
  git config --global user.name "Your Name"

to set your account's default identity.
Omit --global to set the identity only in this repository.

fatal: no email was given and auto-detection is disabled
2024-11-18 00:33:03.423 [info] > git config --get-all user.name [8ms]
2024-11-18 00:33:03.449 [info] > git config --get-all user.email [2ms]
2024-11-18 00:33:03.503 [info] > git config --get commit.template [24ms]
2024-11-18 00:33:03.511 [info] > git for-each-ref --format=%(refname)%00%(upstream:short)%00%(objectname)%00%(upstream:track)%00%(upstream:remotename)%00%(upstream:remoteref) refs/heads/main refs/remotes/main [8ms]
2024-11-18 00:33:03.512 [warning] [Git][getBranch] No such branch: main
2024-11-18 00:33:03.552 [info] > git status -z -uall [22ms]
2024-11-18 00:33:03.555 [info] > git for-each-ref --sort -committerdate --format %(refname) %(objectname) %(*objectname) [4ms]
2024-11-18 00:33:07.172 [info] > git config --get commit.template [3ms]
2024-11-18 00:33:07.188 [info] > git for-each-ref --format=%(refname)%00%(upstream:short)%00%(objectname)%00%(upstream:track)%00%(upstream:remotename)%00%(upstream:remoteref) refs/heads/main refs/remotes/main [1ms]
2024-11-18 00:33:07.188 [warning] [Git][getBranch] No such branch: main
2024-11-18 00:33:07.225 [info] > git status -z -uall [19ms]
2024-11-18 00:33:07.226 [info] > git for-each-ref --sort -committerdate --format %(refname) %(objectname) %(*objectname) [7ms]
2024-11-18 00:33:43.496 [info] > git config --get commit.template [2ms]
2024-11-18 00:33:43.526 [info] > git for-each-ref --format=%(refname)%00%(upstream:short)%00%(objectname)%00%(upstream:track)%00%(upstream:remotename)%00%(upstream:remoteref) refs/heads/main refs/remotes/main [7ms]
2024-11-18 00:33:43.526 [warning] [Git][getBranch] No such branch: main
2024-11-18 00:33:43.604 [info] > git status -z -uall [49ms]
2024-11-18 00:33:43.605 [info] > git for-each-ref --sort -committerdate --format %(refname) %(objectname) %(*objectname) [6ms]
2024-11-18 00:33:45.696 [info] > git show --textconv :.git/COMMIT_EDITMSG [30ms]
2024-11-18 00:33:45.705 [info] > git ls-files --stage -- /home/uwu/.config/.git/COMMIT_EDITMSG [9ms]
2024-11-18 00:33:45.880 [info] > git ls-files --stage -- /home/uwu/.config/.git/COMMIT_EDITMSG [26ms]
2024-11-18 00:33:45.881 [info] > git check-ignore -v -z --stdin [7ms]
2024-11-18 00:33:45.925 [info] > git show --textconv :.git/COMMIT_EDITMSG [14ms]
2024-11-18 00:55:38.335 [info] > git check-ignore -v -z --stdin [76ms]
2024-11-18 00:55:40.156 [info] > git check-ignore -v -z --stdin [2ms]
2024-11-18 00:55:45.545 [info] > git ls-files --stage -- /home/uwu/.config/dolphinrc [16ms]
2024-11-18 00:55:45.608 [info] > git show --textconv :dolphinrc [88ms]
2024-11-18 00:55:45.608 [info] > git cat-file -s cd4e501e74ec35ec57c105d0bacf968f32586a86 [54ms]
2024-11-18 00:55:57.318 [info] > git ls-files --stage -- /home/uwu/.config/i3/config [1ms]
2024-11-18 00:55:57.331 [info] > git show --textconv :i3/config [25ms]
2024-11-18 00:55:57.332 [info] > git cat-file -s 3d6309a9bdac2e52941659b2dc51fa60c43bfe8f [1ms]
2024-11-18 01:00:11.840 [info] > git check-ignore -v -z --stdin [2ms]
2024-11-18 01:05:25.447 [info] > git log --format=%H%n%aN%n%aE%n%at%n%ct%n%P%n%D%n%B -z --shortstat --diff-merges=first-parent -n50 --skip=0 --topo-order --decorate=full --stdin [2ms]
2024-11-18 01:05:25.447 [info] fatal: bad revision 'refs/heads/main'
2024-11-18 01:05:25.448 [error] [GitHistoryProvider][provideHistoryItems] Failed to get history items with options '{"historyItemRefs":["refs/heads/main"],"limit":50,"skip":0}': Failed to execute git {
  "exitCode": 128,
  "gitCommand": "log",
  "stdout": "",
  "stderr": "fatal: bad revision 'refs/heads/main'\n"
}
