2024-11-17 23:21:11.504 [info] Extension host with pid 760 started
2024-11-17 23:21:11.504 [info] Skipping acquiring lock for /home/uwu/.config/Code - OSS/User/workspaceStorage/b5cd593af5ad9a66e3301290b7416e98.
2024-11-17 23:21:11.542 [info] ExtensionService#_doActivateExtension vscode.emmet, startup: false, activationEvent: 'onLanguage'
2024-11-17 23:21:11.637 [info] ExtensionService#_doActivateExtension vscode.git-base, startup: true, activationEvent: '*', root cause: vscode.git
2024-11-17 23:21:11.643 [info] ExtensionService#_doActivateExtension WakaTime.vscode-wakatime, startup: true, activationEvent: '*'
2024-11-17 23:21:11.786 [info] ExtensionService#_doActivateExtension vscode.git, startup: true, activationEvent: '*'
2024-11-17 23:21:11.957 [info] ExtensionService#_doActivateExtension vscode.github, startup: true, activationEvent: '*'
2024-11-17 23:21:12.138 [info] Eager extensions activated
2024-11-17 23:21:12.247 [info] ExtensionService#_doActivateExtension vscode.debug-auto-launch, startup: false, activationEvent: 'onStartupFinished'
2024-11-17 23:21:12.253 [info] ExtensionService#_doActivateExtension vscode.merge-conflict, startup: false, activationEvent: 'onStartupFinished'
2024-11-17 23:21:34.674 [info] ExtensionService#_doActivateExtension vscode.media-preview, startup: false, activationEvent: 'onCustomEditor:imagePreview.previewEditor'
2024-11-18 00:19:14.875 [warning] [Decorations] CAPPING events from decorations provider vscode.git 487
2024-11-18 00:19:15.377 [warning] [Decorations] CAPPING events from decorations provider vscode.git 487
2024-11-18 00:19:16.813 [warning] [Decorations] CAPPING events from decorations provider vscode.git 487
2024-11-18 00:19:21.881 [warning] [Decorations] CAPPING events from decorations provider vscode.git 487
2024-11-18 00:19:26.933 [warning] [Decorations] CAPPING events from decorations provider vscode.git 487
2024-11-18 00:19:31.984 [warning] [Decorations] CAPPING events from decorations provider vscode.git 487
2024-11-18 00:19:37.041 [warning] [Decorations] CAPPING events from decorations provider vscode.git 487
2024-11-18 00:19:43.434 [warning] [Decorations] CAPPING events from decorations provider vscode.git 487
2024-11-18 00:19:48.526 [warning] [Decorations] CAPPING events from decorations provider vscode.git 487
2024-11-18 00:19:56.743 [info] ExtensionService#_doActivateExtension vscode.configuration-editing, startup: false, activationEvent: 'onLanguage:jsonc'
2024-11-18 00:19:56.790 [info] ExtensionService#_doActivateExtension vscode.json-language-features, startup: false, activationEvent: 'onLanguage:jsonc'
2024-11-18 00:19:56.932 [info] ExtensionService#_doActivateExtension vscode.typescript-language-features, startup: false, activationEvent: 'onLanguage:jsonc'
2024-11-18 00:20:00.539 [warning] [Decorations] CAPPING events from decorations provider vscode.git 490
2024-11-18 00:20:00.799 [warning] [Decorations] CAPPING events from decorations provider vscode.git 490
2024-11-18 00:20:05.873 [warning] [Decorations] CAPPING events from decorations provider vscode.git 491
2024-11-18 00:20:11.014 [warning] [Decorations] CAPPING events from decorations provider vscode.git 491
2024-11-18 00:20:16.437 [warning] [Decorations] CAPPING events from decorations provider vscode.git 493
2024-11-18 00:20:21.680 [warning] [Decorations] CAPPING events from decorations provider vscode.git 493
