2024-11-16 19:02:31.194 [info] [main] Log level: Info
2024-11-16 19:02:31.194 [info] [main] Validating found git in: "git"
2024-11-16 19:02:31.194 [info] [main] Using git "2.47.0" from "git"
2024-11-16 19:02:31.194 [info] [Model][doInitialScan] Initial repository scan started
2024-11-16 19:02:31.194 [info] > git rev-parse --show-toplevel [12ms]
2024-11-16 19:02:31.194 [info] fatal: not a git repository (or any of the parent directories): .git
2024-11-16 19:02:31.194 [info] > git rev-parse --show-toplevel [5ms]
2024-11-16 19:02:31.194 [info] fatal: not a git repository (or any of the parent directories): .git
2024-11-16 19:02:31.220 [info] > git rev-parse --show-toplevel [11ms]
2024-11-16 19:02:31.220 [info] fatal: not a git repository (or any of the parent directories): .git
2024-11-16 19:02:31.231 [info] > git rev-parse --show-toplevel [3ms]
2024-11-16 19:02:31.231 [info] fatal: not a git repository (or any of the parent directories): .git
2024-11-16 19:02:31.243 [info] > git rev-parse --show-toplevel [2ms]
2024-11-16 19:02:31.244 [info] fatal: not a git repository (or any of the parent directories): .git
2024-11-16 19:02:31.256 [info] > git rev-parse --show-toplevel [2ms]
2024-11-16 19:02:31.256 [info] fatal: not a git repository (or any of the parent directories): .git
2024-11-16 19:02:31.270 [info] > git rev-parse --show-toplevel [2ms]
2024-11-16 19:02:31.270 [info] fatal: not a git repository (or any of the parent directories): .git
2024-11-16 19:02:31.283 [info] > git rev-parse --show-toplevel [2ms]
2024-11-16 19:02:31.283 [info] fatal: not a git repository (or any of the parent directories): .git
2024-11-16 19:02:31.296 [info] > git rev-parse --show-toplevel [2ms]
2024-11-16 19:02:31.296 [info] fatal: not a git repository (or any of the parent directories): .git
2024-11-16 19:02:31.310 [info] > git rev-parse --show-toplevel [2ms]
2024-11-16 19:02:31.310 [info] fatal: not a git repository (or any of the parent directories): .git
2024-11-16 19:02:31.323 [info] > git rev-parse --show-toplevel [2ms]
2024-11-16 19:02:31.323 [info] fatal: not a git repository (or any of the parent directories): .git
2024-11-16 19:02:31.337 [info] > git rev-parse --show-toplevel [2ms]
2024-11-16 19:02:31.337 [info] fatal: not a git repository (or any of the parent directories): .git
2024-11-16 19:02:31.356 [info] > git rev-parse --show-toplevel [3ms]
2024-11-16 19:02:31.356 [info] fatal: not a git repository (or any of the parent directories): .git
2024-11-16 19:02:31.370 [info] > git rev-parse --show-toplevel [2ms]
2024-11-16 19:02:31.370 [info] fatal: not a git repository (or any of the parent directories): .git
2024-11-16 19:02:31.383 [info] > git rev-parse --show-toplevel [2ms]
2024-11-16 19:02:31.383 [info] fatal: not a git repository (or any of the parent directories): .git
2024-11-16 19:02:31.384 [info] [Model][doInitialScan] Initial repository scan completed - repositories (0), closed repositories (0), parent repositories (0), unsafe repositories (0)
2024-11-16 19:03:21.358 [info] > git rev-parse --show-toplevel [10ms]
2024-11-16 19:03:21.359 [info] fatal: not a git repository (or any of the parent directories): .git
2024-11-16 19:06:16.722 [info] > git rev-parse --show-toplevel [2ms]
2024-11-16 19:06:16.722 [info] fatal: not a git repository (or any of the parent directories): .git
2024-11-16 19:06:18.420 [info] > git rev-parse --show-toplevel [3ms]
2024-11-16 19:06:18.420 [info] fatal: not a git repository (or any of the parent directories): .git
2024-11-16 19:06:18.983 [info] > git rev-parse --show-toplevel [2ms]
2024-11-16 19:06:18.983 [info] fatal: not a git repository (or any of the parent directories): .git
2024-11-16 19:06:25.225 [info] > git rev-parse --show-toplevel [2ms]
2024-11-16 19:06:25.225 [info] fatal: not a git repository (or any of the parent directories): .git
2024-11-16 19:06:26.312 [info] > git rev-parse --show-toplevel [2ms]
2024-11-16 19:06:26.313 [info] fatal: not a git repository (or any of the parent directories): .git
2024-11-16 19:11:57.624 [info] > git rev-parse --show-toplevel [3ms]
2024-11-16 19:11:57.624 [info] fatal: not a git repository (or any of the parent directories): .git
2024-11-16 19:12:08.734 [info] > git rev-parse --show-toplevel [1ms]
2024-11-16 19:12:08.734 [info] fatal: not a git repository (or any of the parent directories): .git
2024-11-16 19:12:16.148 [info] > git rev-parse --show-toplevel [2ms]
2024-11-16 19:12:16.148 [info] fatal: not a git repository (or any of the parent directories): .git
2024-11-16 19:12:17.971 [info] > git rev-parse --show-toplevel [2ms]
2024-11-16 19:12:17.971 [info] fatal: not a git repository (or any of the parent directories): .git
2024-11-16 19:12:35.320 [info] > git rev-parse --show-toplevel [1ms]
2024-11-16 19:12:35.320 [info] fatal: not a git repository (or any of the parent directories): .git
2024-11-16 19:12:42.850 [info] > git rev-parse --show-toplevel [1ms]
2024-11-16 19:12:42.850 [info] fatal: not a git repository (or any of the parent directories): .git
2024-11-16 19:14:12.972 [info] > git rev-parse --show-toplevel [1ms]
2024-11-16 19:14:12.972 [info] fatal: not a git repository (or any of the parent directories): .git
2024-11-16 19:14:17.963 [info] > git rev-parse --show-toplevel [1ms]
2024-11-16 19:14:17.963 [info] fatal: not a git repository (or any of the parent directories): .git
2024-11-16 19:14:19.191 [info] > git rev-parse --show-toplevel [3ms]
2024-11-16 19:14:19.191 [info] fatal: not a git repository (or any of the parent directories): .git
2024-11-16 19:14:26.917 [info] > git rev-parse --show-toplevel [2ms]
2024-11-16 19:14:26.917 [info] fatal: not a git repository (or any of the parent directories): .git
2024-11-16 19:14:31.834 [info] > git rev-parse --show-toplevel [1ms]
2024-11-16 19:14:31.834 [info] fatal: not a git repository (or any of the parent directories): .git
2024-11-16 19:22:59.156 [info] > git rev-parse --show-toplevel [2ms]
2024-11-16 19:22:59.156 [info] fatal: not a git repository (or any of the parent directories): .git
2024-11-16 19:26:47.791 [info] > git rev-parse --show-toplevel [2ms]
2024-11-16 19:26:47.791 [info] fatal: not a git repository (or any of the parent directories): .git
2024-11-16 19:26:48.321 [info] > git rev-parse --show-toplevel [3ms]
2024-11-16 19:26:48.321 [info] fatal: not a git repository (or any of the parent directories): .git
2024-11-16 19:26:49.604 [info] > git rev-parse --show-toplevel [2ms]
2024-11-16 19:26:49.604 [info] fatal: not a git repository (or any of the parent directories): .git
2024-11-16 19:26:53.256 [info] > git rev-parse --show-toplevel [2ms]
2024-11-16 19:26:53.256 [info] fatal: not a git repository (or any of the parent directories): .git
2024-11-16 19:44:13.100 [info] > git rev-parse --show-toplevel [2ms]
2024-11-16 19:44:13.100 [info] fatal: not a git repository (or any of the parent directories): .git
2024-11-16 19:45:01.974 [info] > git rev-parse --show-toplevel [0ms]
2024-11-16 19:45:01.974 [info] fatal: not a git repository (or any of the parent directories): .git
2024-11-16 19:46:56.841 [info] > git rev-parse --show-toplevel [2ms]
2024-11-16 19:46:56.842 [info] fatal: not a git repository (or any of the parent directories): .git
2024-11-16 19:46:57.198 [info] > git rev-parse --show-toplevel [1ms]
2024-11-16 19:46:57.198 [info] fatal: not a git repository (or any of the parent directories): .git
2024-11-16 19:46:59.415 [info] > git rev-parse --show-toplevel [2ms]
2024-11-16 19:46:59.415 [info] fatal: not a git repository (or any of the parent directories): .git
2024-11-16 19:59:25.435 [info] > git rev-parse --show-toplevel [2ms]
2024-11-16 19:59:25.435 [info] fatal: not a git repository (or any of the parent directories): .git
2024-11-16 19:59:41.949 [info] > git rev-parse --show-toplevel [2ms]
2024-11-16 19:59:41.949 [info] fatal: not a git repository (or any of the parent directories): .git
2024-11-16 20:00:45.668 [info] > git rev-parse --show-toplevel [2ms]
2024-11-16 20:00:45.668 [info] fatal: not a git repository (or any of the parent directories): .git
2024-11-16 20:02:08.904 [info] > git rev-parse --show-toplevel [1ms]
2024-11-16 20:02:08.904 [info] fatal: not a git repository (or any of the parent directories): .git
2024-11-16 20:02:09.781 [info] > git rev-parse --show-toplevel [1ms]
2024-11-16 20:02:09.781 [info] fatal: not a git repository (or any of the parent directories): .git
2024-11-16 20:02:50.560 [info] > git rev-parse --show-toplevel [2ms]
2024-11-16 20:02:50.560 [info] fatal: not a git repository (or any of the parent directories): .git
2024-11-16 20:02:57.918 [info] > git rev-parse --show-toplevel [2ms]
2024-11-16 20:02:57.918 [info] fatal: not a git repository (or any of the parent directories): .git
2024-11-16 20:02:58.557 [info] > git rev-parse --show-toplevel [1ms]
2024-11-16 20:02:58.557 [info] fatal: not a git repository (or any of the parent directories): .git
2024-11-16 20:03:00.131 [info] > git rev-parse --show-toplevel [2ms]
2024-11-16 20:03:00.131 [info] fatal: not a git repository (or any of the parent directories): .git
2024-11-16 20:03:49.078 [info] > git rev-parse --show-toplevel [2ms]
2024-11-16 20:03:49.078 [info] fatal: not a git repository (or any of the parent directories): .git
2024-11-16 20:04:04.050 [info] > git rev-parse --show-toplevel [2ms]
2024-11-16 20:04:04.050 [info] fatal: not a git repository (or any of the parent directories): .git
2024-11-16 20:04:13.944 [info] > git rev-parse --show-toplevel [1ms]
2024-11-16 20:04:13.944 [info] fatal: not a git repository (or any of the parent directories): .git
2024-11-16 20:04:51.063 [info] > git rev-parse --show-toplevel [1ms]
2024-11-16 20:04:51.063 [info] fatal: not a git repository (or any of the parent directories): .git
