2024-11-18 00:21:04.750 [info] [main] Log level: Info
2024-11-18 00:21:04.750 [info] [main] Validating found git in: "git"
2024-11-18 00:21:04.750 [info] [main] Using git "2.47.0" from "git"
2024-11-18 00:21:04.750 [info] [Model][doInitialScan] Initial repository scan started
2024-11-18 00:21:04.750 [info] > git rev-parse --show-toplevel [100ms]
2024-11-18 00:21:04.750 [info] > git rev-parse --git-dir --git-common-dir [127ms]
2024-11-18 00:21:04.750 [info] [Model][openRepository] Opened repository: /home/uwu/.config
2024-11-18 00:21:04.750 [info] > git config --get commit.template [6ms]
2024-11-18 00:21:04.773 [info] [Git][getRemotes] No remotes found in the git config file
2024-11-18 00:21:04.783 [info] > git for-each-ref --format=%(refname)%00%(upstream:short)%00%(objectname)%00%(upstream:track)%00%(upstream:remotename)%00%(upstream:remoteref) refs/heads/main refs/remotes/main [11ms]
2024-11-18 00:21:04.784 [warning] [Git][getBranch] No such branch: main
2024-11-18 00:21:04.880 [info] > git status -z -uall [70ms]
2024-11-18 00:21:04.880 [info] > git for-each-ref --sort -committerdate --format %(refname) %(objectname) %(*objectname) [19ms]
2024-11-18 00:21:05.251 [info] > git for-each-ref --format=%(refname)%00%(upstream:short)%00%(objectname)%00%(upstream:track)%00%(upstream:remotename)%00%(upstream:remoteref) refs/heads/main refs/remotes/main [250ms]
2024-11-18 00:21:05.252 [warning] [Git][getBranch] No such branch: main
2024-11-18 00:21:05.253 [error] [GitHistoryProvider][resolveHEADMergeBase] Failed to resolve merge base for main: Error: No such branch: main.
2024-11-18 00:21:05.285 [info] > git config --get commit.template [52ms]
2024-11-18 00:21:05.315 [info] [Git][getRemotes] No remotes found in the git config file
2024-11-18 00:21:05.321 [info] > git for-each-ref --format=%(refname)%00%(upstream:short)%00%(objectname)%00%(upstream:track)%00%(upstream:remotename)%00%(upstream:remoteref) refs/heads/main refs/remotes/main [6ms]
2024-11-18 00:21:05.321 [warning] [Git][getBranch] No such branch: main
2024-11-18 00:21:05.361 [info] > git status -z -uall [23ms]
2024-11-18 00:21:05.361 [info] > git for-each-ref --sort -committerdate --format %(refname) %(objectname) %(*objectname) [8ms]
2024-11-18 00:21:05.396 [info] > git rev-parse --show-toplevel [5ms]
2024-11-18 00:21:05.431 [info] > git rev-parse --show-toplevel [19ms]
2024-11-18 00:21:05.452 [info] > git rev-parse --show-toplevel [2ms]
2024-11-18 00:21:05.614 [info] > git rev-parse --show-toplevel [125ms]
2024-11-18 00:21:05.645 [info] > git rev-parse --show-toplevel [10ms]
2024-11-18 00:21:05.709 [info] > git rev-parse --show-toplevel [6ms]
2024-11-18 00:21:05.726 [info] > git rev-parse --show-toplevel [2ms]
2024-11-18 00:21:05.747 [info] > git rev-parse --show-toplevel [2ms]
2024-11-18 00:21:05.802 [info] > git rev-parse --show-toplevel [30ms]
2024-11-18 00:21:05.813 [info] > git check-ignore -v -z --stdin [14ms]
2024-11-18 00:21:05.819 [info] > git rev-parse --show-toplevel [6ms]
2024-11-18 00:21:05.852 [info] > git rev-parse --show-toplevel [7ms]
2024-11-18 00:21:05.873 [info] > git rev-parse --show-toplevel [5ms]
2024-11-18 00:21:05.894 [info] > git rev-parse --show-toplevel [3ms]
2024-11-18 00:21:05.915 [info] > git rev-parse --show-toplevel [6ms]
2024-11-18 00:21:05.941 [info] > git rev-parse --show-toplevel [7ms]
2024-11-18 00:21:05.974 [info] > git rev-parse --show-toplevel [2ms]
2024-11-18 00:21:05.990 [info] > git rev-parse --show-toplevel [2ms]
2024-11-18 00:21:06.004 [info] > git rev-parse --show-toplevel [2ms]
2024-11-18 00:21:06.004 [info] [Model][doInitialScan] Initial repository scan completed - repositories (1), closed repositories (0), parent repositories (0), unsafe repositories (0)
2024-11-18 00:21:06.103 [info] > git show --textconv HEAD:Code - OSS/Cookies [84ms]
2024-11-18 00:21:06.103 [info] > git show --textconv :Code - OSS/Cookies [67ms]
2024-11-18 00:21:06.104 [info] > git ls-tree -l HEAD -- /home/uwu/.config/Code - OSS/Cookies [49ms]
2024-11-18 00:21:06.104 [info] fatal: Not a valid object name HEAD
2024-11-18 00:21:06.113 [info] > git ls-files --stage -- /home/uwu/.config/Code - OSS/Cookies [19ms]
2024-11-18 00:21:06.156 [info] > git cat-file -s 365f7f2a1adcf3e0b078ad6ee9e784694c821054 [11ms]
2024-11-18 00:21:06.224 [info] > git ls-tree -l HEAD -- /home/uwu/.config/Code - OSS/Cookies [9ms]
2024-11-18 00:21:06.225 [info] fatal: Not a valid object name HEAD
2024-11-18 00:21:06.376 [info] > git ls-files --stage -- /home/uwu/.config/Code - OSS/Cookies [3ms]
2024-11-18 00:21:06.394 [info] > git cat-file -s 365f7f2a1adcf3e0b078ad6ee9e784694c821054 [5ms]
2024-11-18 00:21:06.536 [info] > git ls-tree -l HEAD -- /home/uwu/.config/Code - OSS/Cookies [17ms]
2024-11-18 00:21:06.536 [info] fatal: Not a valid object name HEAD
2024-11-18 00:21:06.538 [info] > git ls-files --stage -- /home/uwu/.config/Code - OSS/Cookies [3ms]
2024-11-18 00:21:06.558 [info] > git cat-file -s 365f7f2a1adcf3e0b078ad6ee9e784694c821054 [7ms]
2024-11-18 00:21:08.352 [info] [Git][getRemotes] No remotes found in the git config file
2024-11-18 00:21:08.369 [info] > git config --get commit.template [19ms]
2024-11-18 00:21:08.373 [info] > git for-each-ref --format=%(refname)%00%(upstream:short)%00%(objectname)%00%(upstream:track)%00%(upstream:remotename)%00%(upstream:remoteref) refs/heads/main refs/remotes/main [4ms]
2024-11-18 00:21:08.373 [warning] [Git][getBranch] No such branch: main
2024-11-18 00:21:08.438 [info] > git status -z -uall [32ms]
2024-11-18 00:21:08.449 [info] > git for-each-ref --sort -committerdate --format %(refname) %(objectname) %(*objectname) [24ms]
2024-11-18 00:21:13.480 [info] > git config --get commit.template [3ms]
2024-11-18 00:21:13.499 [info] [Git][getRemotes] No remotes found in the git config file
2024-11-18 00:21:13.504 [info] > git for-each-ref --format=%(refname)%00%(upstream:short)%00%(objectname)%00%(upstream:track)%00%(upstream:remotename)%00%(upstream:remoteref) refs/heads/main refs/remotes/main [6ms]
2024-11-18 00:21:13.504 [warning] [Git][getBranch] No such branch: main
2024-11-18 00:21:13.542 [info] > git for-each-ref --sort -committerdate --format %(refname) %(objectname) %(*objectname) [6ms]
2024-11-18 00:21:13.548 [info] > git status -z -uall [31ms]
2024-11-18 00:21:18.588 [info] [Git][getRemotes] No remotes found in the git config file
2024-11-18 00:21:18.591 [info] > git config --get commit.template [14ms]
2024-11-18 00:21:18.592 [info] > git for-each-ref --format=%(refname)%00%(upstream:short)%00%(objectname)%00%(upstream:track)%00%(upstream:remotename)%00%(upstream:remoteref) refs/heads/main refs/remotes/main [5ms]
2024-11-18 00:21:18.593 [warning] [Git][getBranch] No such branch: main
2024-11-18 00:21:18.627 [info] > git for-each-ref --sort -committerdate --format %(refname) %(objectname) %(*objectname) [8ms]
2024-11-18 00:21:18.632 [info] > git status -z -uall [30ms]
2024-11-18 00:21:23.667 [info] [Git][getRemotes] No remotes found in the git config file
2024-11-18 00:21:23.681 [info] > git config --get commit.template [16ms]
2024-11-18 00:21:23.686 [info] > git for-each-ref --format=%(refname)%00%(upstream:short)%00%(objectname)%00%(upstream:track)%00%(upstream:remotename)%00%(upstream:remoteref) refs/heads/main refs/remotes/main [7ms]
2024-11-18 00:21:23.686 [warning] [Git][getBranch] No such branch: main
2024-11-18 00:21:23.732 [info] > git status -z -uall [30ms]
2024-11-18 00:21:23.733 [info] > git for-each-ref --sort -committerdate --format %(refname) %(objectname) %(*objectname) [2ms]
2024-11-18 00:21:28.807 [info] [Git][getRemotes] No remotes found in the git config file
2024-11-18 00:21:28.807 [info] > git config --get commit.template [21ms]
2024-11-18 00:21:28.821 [info] > git for-each-ref --format=%(refname)%00%(upstream:short)%00%(objectname)%00%(upstream:track)%00%(upstream:remotename)%00%(upstream:remoteref) refs/heads/main refs/remotes/main [16ms]
2024-11-18 00:21:28.822 [warning] [Git][getBranch] No such branch: main
2024-11-18 00:21:28.881 [info] > git for-each-ref --sort -committerdate --format %(refname) %(objectname) %(*objectname) [8ms]
2024-11-18 00:21:28.887 [info] > git status -z -uall [51ms]
2024-11-18 00:21:33.945 [info] [Git][getRemotes] No remotes found in the git config file
2024-11-18 00:21:33.945 [info] > git config --get commit.template [14ms]
2024-11-18 00:21:33.947 [info] > git for-each-ref --format=%(refname)%00%(upstream:short)%00%(objectname)%00%(upstream:track)%00%(upstream:remotename)%00%(upstream:remoteref) refs/heads/main refs/remotes/main [3ms]
2024-11-18 00:21:33.948 [warning] [Git][getBranch] No such branch: main
2024-11-18 00:21:33.991 [info] > git status -z -uall [27ms]
2024-11-18 00:21:33.995 [info] > git for-each-ref --sort -committerdate --format %(refname) %(objectname) %(*objectname) [12ms]
2024-11-18 00:21:39.042 [info] [Git][getRemotes] No remotes found in the git config file
2024-11-18 00:21:39.045 [info] > git config --get commit.template [29ms]
2024-11-18 00:21:39.046 [info] > git for-each-ref --format=%(refname)%00%(upstream:short)%00%(objectname)%00%(upstream:track)%00%(upstream:remotename)%00%(upstream:remoteref) refs/heads/main refs/remotes/main [5ms]
2024-11-18 00:21:39.046 [warning] [Git][getBranch] No such branch: main
2024-11-18 00:21:39.083 [info] > git for-each-ref --sort -committerdate --format %(refname) %(objectname) %(*objectname) [1ms]
2024-11-18 00:21:39.096 [info] > git status -z -uall [35ms]
