2024-11-18 00:20:33.728 [info] [main] Log level: Info
2024-11-18 00:20:33.728 [info] [main] Validating found git in: "git"
2024-11-18 00:20:33.728 [info] [main] Using git "2.47.0" from "git"
2024-11-18 00:20:33.728 [info] [Model][doInitialScan] Initial repository scan started
2024-11-18 00:20:33.969 [info] > git rev-parse --show-toplevel [205ms]
2024-11-18 00:20:34.143 [info] > git rev-parse --git-dir --git-common-dir [41ms]
2024-11-18 00:20:34.157 [info] [Model][openRepository] Opened repository: /home/uwu/.config
2024-11-18 00:20:34.182 [info] > git config --get commit.template [4ms]
2024-11-18 00:20:34.192 [info] [Git][getRemotes] No remotes found in the git config file
2024-11-18 00:20:34.201 [info] > git for-each-ref --format=%(refname)%00%(upstream:short)%00%(objectname)%00%(upstream:track)%00%(upstream:remotename)%00%(upstream:remoteref) refs/heads/main refs/remotes/main [9ms]
2024-11-18 00:20:34.201 [warning] [Git][getBranch] No such branch: main
2024-11-18 00:20:34.239 [info] > git status -z -uall [29ms]
2024-11-18 00:20:34.239 [info] > git for-each-ref --sort -committerdate --format %(refname) %(objectname) %(*objectname) [7ms]
2024-11-18 00:20:34.533 [info] > git for-each-ref --format=%(refname)%00%(upstream:short)%00%(objectname)%00%(upstream:track)%00%(upstream:remotename)%00%(upstream:remoteref) refs/heads/main refs/remotes/main [239ms]
2024-11-18 00:20:34.533 [warning] [Git][getBranch] No such branch: main
2024-11-18 00:20:34.533 [error] [GitHistoryProvider][resolveHEADMergeBase] Failed to resolve merge base for main: Error: No such branch: main.
2024-11-18 00:20:34.548 [info] > git config --get commit.template [25ms]
2024-11-18 00:20:34.566 [info] [Git][getRemotes] No remotes found in the git config file
2024-11-18 00:20:34.585 [info] > git rev-parse --show-toplevel [5ms]
2024-11-18 00:20:34.586 [info] > git for-each-ref --format=%(refname)%00%(upstream:short)%00%(objectname)%00%(upstream:track)%00%(upstream:remotename)%00%(upstream:remoteref) refs/heads/main refs/remotes/main [20ms]
2024-11-18 00:20:34.586 [warning] [Git][getBranch] No such branch: main
2024-11-18 00:20:34.656 [info] > git status -z -uall [52ms]
2024-11-18 00:20:34.656 [info] > git for-each-ref --sort -committerdate --format %(refname) %(objectname) %(*objectname) [21ms]
2024-11-18 00:20:34.692 [info] > git rev-parse --show-toplevel [36ms]
2024-11-18 00:20:34.997 [info] > git check-ignore -v -z --stdin [187ms]
2024-11-18 00:20:35.000 [info] > git rev-parse --show-toplevel [278ms]
2024-11-18 00:20:35.049 [info] > git log --format=%H%n%aN%n%aE%n%at%n%ct%n%P%n%D%n%B -z --shortstat --diff-merges=first-parent -n50 --skip=0 --topo-order --decorate=full --stdin [28ms]
2024-11-18 00:20:35.049 [info] fatal: bad revision 'refs/heads/main'
2024-11-18 00:20:35.050 [error] [GitHistoryProvider][provideHistoryItems] Failed to get history items with options '{"historyItemRefs":["refs/heads/main"],"limit":50,"skip":0}': Failed to execute git {
  "exitCode": 128,
  "gitCommand": "log",
  "stdout": "",
  "stderr": "fatal: bad revision 'refs/heads/main'\n"
}
2024-11-18 00:20:35.053 [info] > git rev-parse --show-toplevel [10ms]
2024-11-18 00:20:35.100 [info] > git rev-parse --show-toplevel [9ms]
2024-11-18 00:20:35.139 [info] > git rev-parse --show-toplevel [24ms]
2024-11-18 00:20:35.172 [info] > git rev-parse --show-toplevel [5ms]
2024-11-18 00:20:35.200 [info] > git rev-parse --show-toplevel [1ms]
2024-11-18 00:20:35.229 [info] > git rev-parse --show-toplevel [5ms]
2024-11-18 00:20:35.252 [info] > git rev-parse --show-toplevel [2ms]
2024-11-18 00:20:35.280 [info] > git rev-parse --show-toplevel [2ms]
2024-11-18 00:20:35.300 [info] > git rev-parse --show-toplevel [5ms]
2024-11-18 00:20:35.338 [info] > git rev-parse --show-toplevel [14ms]
2024-11-18 00:20:35.377 [info] > git rev-parse --show-toplevel [8ms]
2024-11-18 00:20:35.414 [info] > git rev-parse --show-toplevel [12ms]
2024-11-18 00:20:35.449 [info] > git rev-parse --show-toplevel [10ms]
2024-11-18 00:20:35.490 [info] > git rev-parse --show-toplevel [10ms]
2024-11-18 00:20:35.514 [info] > git rev-parse --show-toplevel [5ms]
2024-11-18 00:20:35.515 [info] [Model][doInitialScan] Initial repository scan completed - repositories (1), closed repositories (0), parent repositories (0), unsafe repositories (0)
2024-11-18 00:20:35.589 [info] > git show --textconv HEAD:Code - OSS/Cookies [64ms]
2024-11-18 00:20:35.590 [info] > git show --textconv :Code - OSS/Cookies [52ms]
2024-11-18 00:20:35.590 [info] > git ls-files --stage -- /home/uwu/.config/Code - OSS/Cookies [20ms]
2024-11-18 00:20:35.605 [info] > git ls-tree -l HEAD -- /home/uwu/.config/Code - OSS/Cookies [53ms]
2024-11-18 00:20:35.605 [info] fatal: Not a valid object name HEAD
2024-11-18 00:20:35.611 [info] > git check-ignore -v -z --stdin [23ms]
2024-11-18 00:20:35.612 [info] > git cat-file -s 365f7f2a1adcf3e0b078ad6ee9e784694c821054 [8ms]
2024-11-18 00:20:35.737 [info] > git ls-files --stage -- /home/uwu/.config/Code - OSS/Cookies [1ms]
2024-11-18 00:20:35.751 [info] > git ls-tree -l HEAD -- /home/uwu/.config/Code - OSS/Cookies [41ms]
2024-11-18 00:20:35.751 [info] fatal: Not a valid object name HEAD
2024-11-18 00:20:35.754 [info] > git cat-file -s 365f7f2a1adcf3e0b078ad6ee9e784694c821054 [3ms]
2024-11-18 00:20:35.930 [info] > git ls-tree -l HEAD -- /home/uwu/.config/Code - OSS/Cookies [31ms]
2024-11-18 00:20:35.930 [info] fatal: Not a valid object name HEAD
2024-11-18 00:20:35.936 [info] > git ls-files --stage -- /home/uwu/.config/Code - OSS/Cookies [18ms]
2024-11-18 00:20:35.959 [info] > git cat-file -s 365f7f2a1adcf3e0b078ad6ee9e784694c821054 [7ms]
2024-11-18 00:20:38.363 [info] [Git][getRemotes] No remotes found in the git config file
2024-11-18 00:20:38.364 [info] > git config --get commit.template [21ms]
2024-11-18 00:20:38.364 [info] > git for-each-ref --format=%(refname)%00%(upstream:short)%00%(objectname)%00%(upstream:track)%00%(upstream:remotename)%00%(upstream:remoteref) refs/heads/main refs/remotes/main [2ms]
2024-11-18 00:20:38.365 [warning] [Git][getBranch] No such branch: main
2024-11-18 00:20:38.405 [info] > git status -z -uall [28ms]
2024-11-18 00:20:38.417 [info] > git for-each-ref --sort -committerdate --format %(refname) %(objectname) %(*objectname) [13ms]
2024-11-18 00:20:43.454 [info] [Git][getRemotes] No remotes found in the git config file
2024-11-18 00:20:43.454 [info] > git config --get commit.template [10ms]
2024-11-18 00:20:43.456 [info] > git for-each-ref --format=%(refname)%00%(upstream:short)%00%(objectname)%00%(upstream:track)%00%(upstream:remotename)%00%(upstream:remoteref) refs/heads/main refs/remotes/main [3ms]
2024-11-18 00:20:43.456 [warning] [Git][getBranch] No such branch: main
2024-11-18 00:20:43.481 [info] > git status -z -uall [16ms]
2024-11-18 00:20:43.481 [info] > git for-each-ref --sort -committerdate --format %(refname) %(objectname) %(*objectname) [5ms]
2024-11-18 00:20:48.663 [info] [Git][getRemotes] No remotes found in the git config file
2024-11-18 00:20:48.665 [info] > git for-each-ref --format=%(refname)%00%(upstream:short)%00%(objectname)%00%(upstream:track)%00%(upstream:remotename)%00%(upstream:remoteref) refs/heads/main refs/remotes/main [3ms]
2024-11-18 00:20:48.666 [warning] [Git][getBranch] No such branch: main
2024-11-18 00:20:48.666 [info] > git config --get commit.template [41ms]
2024-11-18 00:20:48.700 [info] > git for-each-ref --sort -committerdate --format %(refname) %(objectname) %(*objectname) [5ms]
2024-11-18 00:20:48.711 [info] > git status -z -uall [29ms]
2024-11-18 00:20:53.777 [info] [Git][getRemotes] No remotes found in the git config file
2024-11-18 00:20:53.778 [info] > git config --get commit.template [33ms]
2024-11-18 00:20:53.795 [info] > git for-each-ref --format=%(refname)%00%(upstream:short)%00%(objectname)%00%(upstream:track)%00%(upstream:remotename)%00%(upstream:remoteref) refs/heads/main refs/remotes/main [18ms]
2024-11-18 00:20:53.795 [warning] [Git][getBranch] No such branch: main
2024-11-18 00:20:53.849 [info] > git for-each-ref --sort -committerdate --format %(refname) %(objectname) %(*objectname) [6ms]
2024-11-18 00:20:53.862 [info] > git status -z -uall [42ms]
