2024-11-16 18:02:16.065 [info] [main] Log level: Info
2024-11-16 18:02:16.065 [info] [main] Validating found git in: "git"
2024-11-16 18:02:16.302 [info] [main] Using git "2.47.0" from "git"
2024-11-16 18:02:16.302 [info] [Model][doInitialScan] Initial repository scan started
2024-11-16 18:02:17.176 [info] > git rev-parse --show-toplevel [527ms]
2024-11-16 18:02:17.176 [info] fatal: not a git repository (or any of the parent directories): .git
2024-11-16 18:02:17.347 [info] > git rev-parse --show-toplevel [1ms]
2024-11-16 18:02:17.347 [info] fatal: not a git repository (or any of the parent directories): .git
2024-11-16 18:02:17.448 [info] > git rev-parse --show-toplevel [29ms]
2024-11-16 18:02:17.448 [info] fatal: not a git repository (or any of the parent directories): .git
2024-11-16 18:02:17.589 [info] > git rev-parse --show-toplevel [3ms]
2024-11-16 18:02:17.589 [info] fatal: not a git repository (or any of the parent directories): .git
2024-11-16 18:02:17.749 [info] > git rev-parse --show-toplevel [3ms]
2024-11-16 18:02:17.749 [info] fatal: not a git repository (or any of the parent directories): .git
2024-11-16 18:02:17.953 [info] > git rev-parse --show-toplevel [14ms]
2024-11-16 18:02:17.953 [info] fatal: not a git repository (or any of the parent directories): .git
2024-11-16 18:02:18.037 [info] > git rev-parse --show-toplevel [2ms]
2024-11-16 18:02:18.037 [info] fatal: not a git repository (or any of the parent directories): .git
2024-11-16 18:02:18.122 [info] > git rev-parse --show-toplevel [3ms]
2024-11-16 18:02:18.122 [info] fatal: not a git repository (or any of the parent directories): .git
2024-11-16 18:02:18.193 [info] > git rev-parse --show-toplevel [2ms]
2024-11-16 18:02:18.193 [info] fatal: not a git repository (or any of the parent directories): .git
2024-11-16 18:02:18.284 [info] > git rev-parse --show-toplevel [12ms]
2024-11-16 18:02:18.284 [info] fatal: not a git repository (or any of the parent directories): .git
2024-11-16 18:02:18.510 [info] > git rev-parse --show-toplevel [1ms]
2024-11-16 18:02:18.510 [info] fatal: not a git repository (or any of the parent directories): .git
2024-11-16 18:02:18.534 [info] > git rev-parse --show-toplevel [16ms]
2024-11-16 18:02:18.535 [info] fatal: not a git repository (or any of the parent directories): .git
2024-11-16 18:02:18.582 [info] > git rev-parse --show-toplevel [2ms]
2024-11-16 18:02:18.582 [info] fatal: not a git repository (or any of the parent directories): .git
2024-11-16 18:02:18.764 [info] > git rev-parse --show-toplevel [2ms]
2024-11-16 18:02:18.765 [info] fatal: not a git repository (or any of the parent directories): .git
2024-11-16 18:02:18.765 [info] [Model][doInitialScan] Initial repository scan completed - repositories (0), closed repositories (0), parent repositories (0), unsafe repositories (0)
2024-11-16 18:08:15.167 [info] > git rev-parse --show-toplevel [8ms]
2024-11-16 18:08:15.167 [info] fatal: not a git repository (or any of the parent directories): .git
