2024-11-17 17:43:29.037 [info] [main] Log level: Info
2024-11-17 17:43:29.037 [info] [main] Validating found git in: "git"
2024-11-17 17:43:29.269 [info] [main] Using git "2.47.0" from "git"
2024-11-17 17:43:29.269 [info] [Model][doInitialScan] Initial repository scan started
2024-11-17 17:43:29.345 [info] > git rev-parse --show-toplevel [52ms]
2024-11-17 17:43:29.345 [info] fatal: not a git repository (or any of the parent directories): .git
2024-11-17 17:43:29.461 [info] > git rev-parse --show-toplevel [10ms]
2024-11-17 17:43:29.461 [info] fatal: not a git repository (or any of the parent directories): .git
2024-11-17 17:43:29.479 [info] > git rev-parse --show-toplevel [6ms]
2024-11-17 17:43:29.479 [info] fatal: not a git repository (or any of the parent directories): .git
2024-11-17 17:43:29.516 [info] > git rev-parse --show-toplevel [2ms]
2024-11-17 17:43:29.516 [info] fatal: not a git repository (or any of the parent directories): .git
2024-11-17 17:43:29.549 [info] > git rev-parse --show-toplevel [3ms]
2024-11-17 17:43:29.549 [info] fatal: not a git repository (or any of the parent directories): .git
2024-11-17 17:43:29.565 [info] > git rev-parse --show-toplevel [3ms]
2024-11-17 17:43:29.565 [info] fatal: not a git repository (or any of the parent directories): .git
2024-11-17 17:43:29.580 [info] > git rev-parse --show-toplevel [2ms]
2024-11-17 17:43:29.581 [info] fatal: not a git repository (or any of the parent directories): .git
2024-11-17 17:43:29.602 [info] > git rev-parse --show-toplevel [3ms]
2024-11-17 17:43:29.602 [info] fatal: not a git repository (or any of the parent directories): .git
2024-11-17 17:43:29.619 [info] > git rev-parse --show-toplevel [3ms]
2024-11-17 17:43:29.619 [info] fatal: not a git repository (or any of the parent directories): .git
2024-11-17 17:43:29.635 [info] > git rev-parse --show-toplevel [2ms]
2024-11-17 17:43:29.636 [info] fatal: not a git repository (or any of the parent directories): .git
2024-11-17 17:43:29.651 [info] > git rev-parse --show-toplevel [2ms]
2024-11-17 17:43:29.651 [info] fatal: not a git repository (or any of the parent directories): .git
2024-11-17 17:43:29.668 [info] > git rev-parse --show-toplevel [2ms]
2024-11-17 17:43:29.668 [info] fatal: not a git repository (or any of the parent directories): .git
2024-11-17 17:43:29.686 [info] > git rev-parse --show-toplevel [5ms]
2024-11-17 17:43:29.686 [info] fatal: not a git repository (or any of the parent directories): .git
2024-11-17 17:43:29.703 [info] > git rev-parse --show-toplevel [3ms]
2024-11-17 17:43:29.703 [info] fatal: not a git repository (or any of the parent directories): .git
2024-11-17 17:43:29.719 [info] > git rev-parse --show-toplevel [2ms]
2024-11-17 17:43:29.719 [info] fatal: not a git repository (or any of the parent directories): .git
2024-11-17 17:43:29.734 [info] > git rev-parse --show-toplevel [3ms]
2024-11-17 17:43:29.734 [info] fatal: not a git repository (or any of the parent directories): .git
2024-11-17 17:43:29.747 [info] > git rev-parse --show-toplevel [2ms]
2024-11-17 17:43:29.747 [info] fatal: not a git repository (or any of the parent directories): .git
2024-11-17 17:43:29.761 [info] > git rev-parse --show-toplevel [2ms]
2024-11-17 17:43:29.761 [info] fatal: not a git repository (or any of the parent directories): .git
2024-11-17 17:43:29.762 [info] [Model][doInitialScan] Initial repository scan completed - repositories (0), closed repositories (0), parent repositories (0), unsafe repositories (0)
2024-11-17 17:59:04.035 [info] > git rev-parse --show-toplevel [4ms]
2024-11-17 17:59:04.035 [info] fatal: not a git repository (or any of the parent directories): .git
2024-11-17 17:59:04.604 [info] > git rev-parse --show-toplevel [2ms]
2024-11-17 17:59:04.604 [info] fatal: not a git repository (or any of the parent directories): .git
2024-11-17 17:59:39.158 [info] > git rev-parse --show-toplevel [1ms]
2024-11-17 17:59:39.158 [info] fatal: not a git repository (or any of the parent directories): .git
2024-11-17 18:00:12.766 [info] > git rev-parse --show-toplevel [2ms]
2024-11-17 18:00:12.766 [info] fatal: not a git repository (or any of the parent directories): .git
2024-11-17 18:00:19.211 [info] > git rev-parse --show-toplevel [3ms]
2024-11-17 18:00:19.211 [info] fatal: not a git repository (or any of the parent directories): .git
2024-11-17 18:25:39.882 [info] > git rev-parse --show-toplevel [5ms]
2024-11-17 18:25:39.882 [info] fatal: not a git repository (or any of the parent directories): .git
