2024-11-17 23:21:12.220 [info] [main] Log level: Info
2024-11-17 23:21:12.220 [info] [main] Validating found git in: "git"
2024-11-17 23:21:12.220 [info] [main] Using git "2.47.0" from "git"
2024-11-17 23:21:12.220 [info] [Model][doInitialScan] Initial repository scan started
2024-11-17 23:21:12.220 [info] > git rev-parse --show-toplevel [6ms]
2024-11-17 23:21:12.220 [info] fatal: not a git repository (or any of the parent directories): .git
2024-11-17 23:21:12.220 [info] > git rev-parse --show-toplevel [18ms]
2024-11-17 23:21:12.220 [info] fatal: not a git repository (or any of the parent directories): .git
2024-11-17 23:21:12.293 [info] > git rev-parse --show-toplevel [45ms]
2024-11-17 23:21:12.293 [info] fatal: not a git repository (or any of the parent directories): .git
2024-11-17 23:21:12.324 [info] > git rev-parse --show-toplevel [1ms]
2024-11-17 23:21:12.324 [info] fatal: not a git repository (or any of the parent directories): .git
2024-11-17 23:21:12.338 [info] > git rev-parse --show-toplevel [2ms]
2024-11-17 23:21:12.338 [info] fatal: not a git repository (or any of the parent directories): .git
2024-11-17 23:21:12.348 [info] > git rev-parse --show-toplevel [1ms]
2024-11-17 23:21:12.348 [info] fatal: not a git repository (or any of the parent directories): .git
2024-11-17 23:21:12.381 [info] > git rev-parse --show-toplevel [6ms]
2024-11-17 23:21:12.382 [info] fatal: not a git repository (or any of the parent directories): .git
2024-11-17 23:21:12.404 [info] > git rev-parse --show-toplevel [5ms]
2024-11-17 23:21:12.405 [info] fatal: not a git repository (or any of the parent directories): .git
2024-11-17 23:21:12.429 [info] > git rev-parse --show-toplevel [5ms]
2024-11-17 23:21:12.429 [info] fatal: not a git repository (or any of the parent directories): .git
2024-11-17 23:21:12.452 [info] > git rev-parse --show-toplevel [2ms]
2024-11-17 23:21:12.452 [info] fatal: not a git repository (or any of the parent directories): .git
2024-11-17 23:21:12.475 [info] > git rev-parse --show-toplevel [4ms]
2024-11-17 23:21:12.475 [info] fatal: not a git repository (or any of the parent directories): .git
2024-11-17 23:21:12.498 [info] > git rev-parse --show-toplevel [2ms]
2024-11-17 23:21:12.498 [info] fatal: not a git repository (or any of the parent directories): .git
2024-11-17 23:21:12.524 [info] > git rev-parse --show-toplevel [1ms]
2024-11-17 23:21:12.524 [info] fatal: not a git repository (or any of the parent directories): .git
2024-11-17 23:21:12.540 [info] > git rev-parse --show-toplevel [4ms]
2024-11-17 23:21:12.540 [info] fatal: not a git repository (or any of the parent directories): .git
2024-11-17 23:21:12.553 [info] > git rev-parse --show-toplevel [3ms]
2024-11-17 23:21:12.553 [info] fatal: not a git repository (or any of the parent directories): .git
2024-11-17 23:21:12.564 [info] > git rev-parse --show-toplevel [1ms]
2024-11-17 23:21:12.564 [info] fatal: not a git repository (or any of the parent directories): .git
2024-11-17 23:21:12.574 [info] > git rev-parse --show-toplevel [2ms]
2024-11-17 23:21:12.575 [info] fatal: not a git repository (or any of the parent directories): .git
2024-11-17 23:21:12.587 [info] > git rev-parse --show-toplevel [3ms]
2024-11-17 23:21:12.587 [info] fatal: not a git repository (or any of the parent directories): .git
2024-11-17 23:21:12.603 [info] > git rev-parse --show-toplevel [4ms]
2024-11-17 23:21:12.603 [info] fatal: not a git repository (or any of the parent directories): .git
2024-11-17 23:21:12.604 [info] [Model][doInitialScan] Initial repository scan completed - repositories (0), closed repositories (0), parent repositories (0), unsafe repositories (0)
2024-11-17 23:21:12.840 [info] > git rev-parse --show-toplevel [5ms]
2024-11-17 23:21:12.840 [info] fatal: not a git repository (or any of the parent directories): .git
2024-11-17 23:21:28.821 [info] > git rev-parse --show-toplevel [2ms]
2024-11-17 23:21:28.821 [info] fatal: not a git repository (or any of the parent directories): .git
2024-11-17 23:21:34.745 [info] > git rev-parse --show-toplevel [4ms]
2024-11-17 23:21:34.745 [info] fatal: not a git repository (or any of the parent directories): .git
2024-11-17 23:21:43.045 [info] > git rev-parse --show-toplevel [2ms]
2024-11-17 23:21:43.045 [info] fatal: not a git repository (or any of the parent directories): .git
2024-11-17 23:21:43.864 [info] > git rev-parse --show-toplevel [2ms]
2024-11-17 23:21:43.864 [info] fatal: not a git repository (or any of the parent directories): .git
2024-11-17 23:21:47.760 [info] > git rev-parse --show-toplevel [3ms]
2024-11-17 23:21:47.760 [info] fatal: not a git repository (or any of the parent directories): .git
2024-11-17 23:21:48.362 [info] > git rev-parse --show-toplevel [2ms]
2024-11-17 23:21:48.362 [info] fatal: not a git repository (or any of the parent directories): .git
2024-11-17 23:21:48.874 [info] > git rev-parse --show-toplevel [2ms]
2024-11-17 23:21:48.874 [info] fatal: not a git repository (or any of the parent directories): .git
2024-11-17 23:28:16.315 [info] > git rev-parse --show-toplevel [3ms]
2024-11-17 23:28:16.315 [info] fatal: not a git repository (or any of the parent directories): .git
2024-11-17 23:28:17.097 [info] > git rev-parse --show-toplevel [2ms]
2024-11-17 23:28:17.097 [info] fatal: not a git repository (or any of the parent directories): .git
2024-11-17 23:28:17.921 [info] > git rev-parse --show-toplevel [2ms]
2024-11-17 23:28:17.922 [info] fatal: not a git repository (or any of the parent directories): .git
2024-11-17 23:28:18.376 [info] > git rev-parse --show-toplevel [3ms]
2024-11-17 23:28:18.377 [info] fatal: not a git repository (or any of the parent directories): .git
2024-11-17 23:28:18.798 [info] > git rev-parse --show-toplevel [1ms]
2024-11-17 23:28:18.798 [info] fatal: not a git repository (or any of the parent directories): .git
2024-11-17 23:28:20.385 [info] > git rev-parse --show-toplevel [1ms]
2024-11-17 23:28:20.385 [info] fatal: not a git repository (or any of the parent directories): .git
2024-11-17 23:28:21.383 [info] > git rev-parse --show-toplevel [1ms]
2024-11-17 23:28:21.383 [info] fatal: not a git repository (or any of the parent directories): .git
2024-11-17 23:28:22.252 [info] > git rev-parse --show-toplevel [2ms]
2024-11-17 23:28:22.252 [info] fatal: not a git repository (or any of the parent directories): .git
2024-11-17 23:28:23.357 [info] > git rev-parse --show-toplevel [2ms]
2024-11-17 23:28:23.357 [info] fatal: not a git repository (or any of the parent directories): .git
2024-11-17 23:28:43.300 [info] > git rev-parse --show-toplevel [3ms]
2024-11-17 23:28:43.300 [info] fatal: not a git repository (or any of the parent directories): .git
2024-11-17 23:28:44.207 [info] > git rev-parse --show-toplevel [2ms]
2024-11-17 23:28:44.207 [info] fatal: not a git repository (or any of the parent directories): .git
2024-11-17 23:31:07.835 [info] > git rev-parse --show-toplevel [2ms]
2024-11-17 23:31:07.835 [info] fatal: not a git repository (or any of the parent directories): .git
2024-11-17 23:31:11.384 [info] > git rev-parse --show-toplevel [1ms]
2024-11-17 23:31:11.384 [info] fatal: not a git repository (or any of the parent directories): .git
2024-11-17 23:31:21.078 [info] > git rev-parse --show-toplevel [1ms]
2024-11-17 23:31:21.078 [info] fatal: not a git repository (or any of the parent directories): .git
2024-11-17 23:37:58.263 [info] > git rev-parse --show-toplevel [2ms]
2024-11-17 23:37:58.263 [info] fatal: not a git repository (or any of the parent directories): .git
2024-11-17 23:38:43.341 [info] > git rev-parse --show-toplevel [1ms]
2024-11-17 23:38:43.342 [info] fatal: not a git repository (or any of the parent directories): .git
2024-11-17 23:38:49.129 [info] > git rev-parse --show-toplevel [2ms]
2024-11-17 23:38:49.129 [info] fatal: not a git repository (or any of the parent directories): .git
2024-11-17 23:39:37.854 [info] > git rev-parse --show-toplevel [2ms]
2024-11-17 23:39:37.854 [info] fatal: not a git repository (or any of the parent directories): .git
2024-11-17 23:41:17.140 [info] > git rev-parse --show-toplevel [2ms]
2024-11-17 23:41:17.140 [info] fatal: not a git repository (or any of the parent directories): .git
2024-11-17 23:41:57.294 [info] > git rev-parse --show-toplevel [2ms]
2024-11-17 23:41:57.294 [info] fatal: not a git repository (or any of the parent directories): .git
2024-11-17 23:42:49.541 [info] > git rev-parse --show-toplevel [2ms]
2024-11-17 23:42:49.541 [info] fatal: not a git repository (or any of the parent directories): .git
2024-11-17 23:42:51.216 [info] > git rev-parse --show-toplevel [1ms]
2024-11-17 23:42:51.216 [info] fatal: not a git repository (or any of the parent directories): .git
2024-11-17 23:42:53.199 [info] > git rev-parse --show-toplevel [1ms]
2024-11-17 23:42:53.199 [info] fatal: not a git repository (or any of the parent directories): .git
2024-11-17 23:42:54.749 [info] > git rev-parse --show-toplevel [3ms]
2024-11-17 23:42:54.749 [info] fatal: not a git repository (or any of the parent directories): .git
2024-11-17 23:43:04.757 [info] > git rev-parse --show-toplevel [3ms]
2024-11-17 23:43:04.757 [info] fatal: not a git repository (or any of the parent directories): .git
2024-11-17 23:58:08.393 [info] > git rev-parse --show-toplevel [2ms]
2024-11-17 23:58:08.393 [info] fatal: not a git repository (or any of the parent directories): .git
2024-11-18 00:07:24.510 [info] > git rev-parse --show-toplevel [2ms]
2024-11-18 00:07:24.510 [info] fatal: not a git repository (or any of the parent directories): .git
2024-11-18 00:07:25.297 [info] > git rev-parse --show-toplevel [2ms]
2024-11-18 00:07:25.297 [info] fatal: not a git repository (or any of the parent directories): .git
2024-11-18 00:07:26.531 [info] > git rev-parse --show-toplevel [3ms]
2024-11-18 00:07:26.531 [info] fatal: not a git repository (or any of the parent directories): .git
2024-11-18 00:07:27.014 [info] > git rev-parse --show-toplevel [2ms]
2024-11-18 00:07:27.014 [info] fatal: not a git repository (or any of the parent directories): .git
2024-11-18 00:08:58.898 [info] > git rev-parse --show-toplevel [2ms]
2024-11-18 00:08:58.898 [info] fatal: not a git repository (or any of the parent directories): .git
2024-11-18 00:18:14.485 [info] > git rev-parse --show-toplevel [13ms]
2024-11-18 00:18:14.486 [info] fatal: not a git repository (or any of the parent directories): .git
2024-11-18 00:18:15.139 [info] > git rev-parse --show-toplevel [3ms]
2024-11-18 00:18:15.140 [info] fatal: not a git repository (or any of the parent directories): .git
2024-11-18 00:18:15.728 [info] > git rev-parse --show-toplevel [3ms]
2024-11-18 00:18:15.728 [info] fatal: not a git repository (or any of the parent directories): .git
2024-11-18 00:18:16.133 [info] > git rev-parse --show-toplevel [3ms]
2024-11-18 00:18:16.133 [info] fatal: not a git repository (or any of the parent directories): .git
2024-11-18 00:18:16.523 [info] > git rev-parse --show-toplevel [4ms]
2024-11-18 00:18:16.523 [info] fatal: not a git repository (or any of the parent directories): .git
2024-11-18 00:18:16.818 [info] > git rev-parse --show-toplevel [2ms]
2024-11-18 00:18:16.819 [info] fatal: not a git repository (or any of the parent directories): .git
2024-11-18 00:18:18.720 [info] > git rev-parse --show-toplevel [1ms]
2024-11-18 00:18:18.721 [info] fatal: not a git repository (or any of the parent directories): .git
2024-11-18 00:18:19.412 [info] > git rev-parse --show-toplevel [7ms]
2024-11-18 00:18:19.412 [info] fatal: not a git repository (or any of the parent directories): .git
2024-11-18 00:19:14.495 [info] > git init -b main [24ms]
2024-11-18 00:19:14.523 [info] > git rev-parse --show-toplevel [8ms]
2024-11-18 00:19:14.553 [info] > git rev-parse --git-dir --git-common-dir [1ms]
2024-11-18 00:19:14.600 [info] [Model][openRepository] Opened repository: /home/uwu/.config
2024-11-18 00:19:14.687 [info] [Git][getRemotes] No remotes found in the git config file
2024-11-18 00:19:14.713 [info] > git config --get commit.template [63ms]
2024-11-18 00:19:14.717 [info] > git for-each-ref --format=%(refname)%00%(upstream:short)%00%(objectname)%00%(upstream:track)%00%(upstream:remotename)%00%(upstream:remoteref) refs/heads/main refs/remotes/main [37ms]
2024-11-18 00:19:14.717 [warning] [Git][getBranch] No such branch: main
2024-11-18 00:19:14.790 [info] > git for-each-ref --sort -committerdate --format %(refname) %(objectname) %(*objectname) [10ms]
2024-11-18 00:19:14.841 [info] > git status -z -uall [91ms]
2024-11-18 00:19:14.946 [info] > git for-each-ref --format=%(refname)%00%(upstream:short)%00%(objectname)%00%(upstream:track)%00%(upstream:remotename)%00%(upstream:remoteref) refs/heads/main refs/remotes/main [49ms]
2024-11-18 00:19:14.946 [warning] [Git][getBranch] No such branch: main
2024-11-18 00:19:14.947 [error] [GitHistoryProvider][resolveHEADMergeBase] Failed to resolve merge base for main: Error: No such branch: main.
2024-11-18 00:19:14.955 [info] > git config --get commit.template [9ms]
2024-11-18 00:19:15.221 [info] [Git][getRemotes] No remotes found in the git config file
2024-11-18 00:19:15.286 [info] > git for-each-ref --format=%(refname)%00%(upstream:short)%00%(objectname)%00%(upstream:track)%00%(upstream:remotename)%00%(upstream:remoteref) refs/heads/main refs/remotes/main [66ms]
2024-11-18 00:19:15.286 [warning] [Git][getBranch] No such branch: main
2024-11-18 00:19:15.339 [info] > git status -z -uall [26ms]
2024-11-18 00:19:15.345 [info] > git log --format=%H%n%aN%n%aE%n%at%n%ct%n%P%n%D%n%B -z --shortstat --diff-merges=first-parent -n50 --skip=0 --topo-order --decorate=full --stdin [69ms]
2024-11-18 00:19:15.345 [info] fatal: bad revision 'refs/heads/main'
2024-11-18 00:19:15.347 [error] [GitHistoryProvider][provideHistoryItems] Failed to get history items with options '{"historyItemRefs":["refs/heads/main"],"limit":50,"skip":0}': Failed to execute git {
  "exitCode": 128,
  "gitCommand": "log",
  "stdout": "",
  "stderr": "fatal: bad revision 'refs/heads/main'\n"
}
2024-11-18 00:19:15.351 [info] > git for-each-ref --sort -committerdate --format %(refname) %(objectname) %(*objectname) [13ms]
2024-11-18 00:19:15.445 [info] > git show --textconv :i3/config [26ms]
2024-11-18 00:19:15.633 [info] > git ls-files --stage -- /home/uwu/.config/i3/config [188ms]
2024-11-18 00:19:15.897 [info] > git check-ignore -v -z --stdin [1ms]
2024-11-18 00:19:16.413 [info] > git ls-files --stage -- /home/uwu/.config/i3/config [8ms]
2024-11-18 00:19:16.465 [info] > git show --textconv :i3/config [12ms]
2024-11-18 00:19:16.740 [info] [Git][getRemotes] No remotes found in the git config file
2024-11-18 00:19:16.743 [info] > git config --get commit.template [29ms]
2024-11-18 00:19:16.750 [info] > git for-each-ref --format=%(refname)%00%(upstream:short)%00%(objectname)%00%(upstream:track)%00%(upstream:remotename)%00%(upstream:remoteref) refs/heads/main refs/remotes/main [10ms]
2024-11-18 00:19:16.750 [warning] [Git][getBranch] No such branch: main
2024-11-18 00:19:16.799 [info] > git status -z -uall [31ms]
2024-11-18 00:19:16.804 [info] > git for-each-ref --sort -committerdate --format %(refname) %(objectname) %(*objectname) [9ms]
2024-11-18 00:19:21.832 [info] [Git][getRemotes] No remotes found in the git config file
2024-11-18 00:19:21.842 [info] > git config --get commit.template [11ms]
2024-11-18 00:19:21.844 [info] > git for-each-ref --format=%(refname)%00%(upstream:short)%00%(objectname)%00%(upstream:track)%00%(upstream:remotename)%00%(upstream:remoteref) refs/heads/main refs/remotes/main [3ms]
2024-11-18 00:19:21.844 [warning] [Git][getBranch] No such branch: main
2024-11-18 00:19:21.870 [info] > git status -z -uall [14ms]
2024-11-18 00:19:21.876 [info] > git for-each-ref --sort -committerdate --format %(refname) %(objectname) %(*objectname) [7ms]
2024-11-18 00:19:22.691 [info] > git check-ignore -v -z --stdin [1ms]
2024-11-18 00:19:26.907 [info] [Git][getRemotes] No remotes found in the git config file
2024-11-18 00:19:26.909 [info] > git for-each-ref --format=%(refname)%00%(upstream:short)%00%(objectname)%00%(upstream:track)%00%(upstream:remotename)%00%(upstream:remoteref) refs/heads/main refs/remotes/main [3ms]
2024-11-18 00:19:26.909 [warning] [Git][getBranch] No such branch: main
2024-11-18 00:19:26.910 [info] > git config --get commit.template [11ms]
2024-11-18 00:19:26.929 [info] > git status -z -uall [12ms]
2024-11-18 00:19:26.931 [info] > git for-each-ref --sort -committerdate --format %(refname) %(objectname) %(*objectname) [3ms]
2024-11-18 00:19:31.957 [info] [Git][getRemotes] No remotes found in the git config file
2024-11-18 00:19:31.958 [info] > git config --get commit.template [11ms]
2024-11-18 00:19:31.959 [info] > git for-each-ref --format=%(refname)%00%(upstream:short)%00%(objectname)%00%(upstream:track)%00%(upstream:remotename)%00%(upstream:remoteref) refs/heads/main refs/remotes/main [3ms]
2024-11-18 00:19:31.959 [warning] [Git][getBranch] No such branch: main
2024-11-18 00:19:31.979 [info] > git status -z -uall [9ms]
2024-11-18 00:19:31.980 [info] > git for-each-ref --sort -committerdate --format %(refname) %(objectname) %(*objectname) [2ms]
2024-11-18 00:19:37.007 [info] [Git][getRemotes] No remotes found in the git config file
2024-11-18 00:19:37.008 [info] > git config --get commit.template [10ms]
2024-11-18 00:19:37.009 [info] > git for-each-ref --format=%(refname)%00%(upstream:short)%00%(objectname)%00%(upstream:track)%00%(upstream:remotename)%00%(upstream:remoteref) refs/heads/main refs/remotes/main [2ms]
2024-11-18 00:19:37.010 [warning] [Git][getBranch] No such branch: main
2024-11-18 00:19:37.028 [info] > git status -z -uall [11ms]
2024-11-18 00:19:37.033 [info] > git for-each-ref --sort -committerdate --format %(refname) %(objectname) %(*objectname) [8ms]
2024-11-18 00:19:43.409 [info] [Git][getRemotes] No remotes found in the git config file
2024-11-18 00:19:43.409 [info] > git config --get commit.template [14ms]
2024-11-18 00:19:43.410 [info] > git for-each-ref --format=%(refname)%00%(upstream:short)%00%(objectname)%00%(upstream:track)%00%(upstream:remotename)%00%(upstream:remoteref) refs/heads/main refs/remotes/main [2ms]
2024-11-18 00:19:43.410 [warning] [Git][getBranch] No such branch: main
2024-11-18 00:19:43.429 [info] > git status -z -uall [10ms]
2024-11-18 00:19:43.430 [info] > git for-each-ref --sort -committerdate --format %(refname) %(objectname) %(*objectname) [2ms]
2024-11-18 00:19:48.467 [info] [Git][getRemotes] No remotes found in the git config file
2024-11-18 00:19:48.468 [info] > git config --get commit.template [12ms]
2024-11-18 00:19:48.477 [info] > git for-each-ref --format=%(refname)%00%(upstream:short)%00%(objectname)%00%(upstream:track)%00%(upstream:remotename)%00%(upstream:remoteref) refs/heads/main refs/remotes/main [9ms]
2024-11-18 00:19:48.478 [warning] [Git][getBranch] No such branch: main
2024-11-18 00:19:48.509 [info] > git status -z -uall [15ms]
2024-11-18 00:19:48.519 [info] > git for-each-ref --sort -committerdate --format %(refname) %(objectname) %(*objectname) [11ms]
2024-11-18 00:19:49.203 [info] > git check-ignore -v -z --stdin [3ms]
